<?xml version="1.0" encoding="UTF-8"?>
<robot generator="Robot 7.2.2 (Python 3.13.2 on darwin)" generated="2025-03-20T13:52:01.940234" rpa="false" schemaversion="5">
<suite id="s1" name="Rijksmuseum Tests" source="/Users/ls/Desktop/Mila_work_2025/AH/Rijksmuseum_API/tests/rijksmuseum_tests.robot">
<kw name="Create Session" owner="RequestsLibrary" type="SETUP">
<msg time="2025-03-20T13:52:02.186052" level="INFO">Creating Session using : alias=Rijksmuseum, url=https://www.rijksmuseum.nl/api/nl/collection, headers={'Accept': 'application/json'},                     cookies={}, auth=None, timeout=None, proxies=None, verify=False,                     debug=0 </msg>
<arg>Rijksmuseum</arg>
<arg>${BASE_URL}</arg>
<arg>headers=${HEADERS}</arg>
<doc>Create Session: create a HTTP session to a server</doc>
<status status="PASS" start="2025-03-20T13:52:02.185550" elapsed="0.000787"/>
</kw>
<test id="s1-t1" name="Retrieve Collections Successfully" line="30">
<kw name="GET" owner="RequestsLibrary">
<msg time="2025-03-20T13:52:03.411554" level="INFO">GET Request : url=https://www.rijksmuseum.nl/api/nl/collection?key=0fiuZFh4 
 path_url=/api/nl/collection?key=0fiuZFh4 
 headers={'User-Agent': 'python-requests/2.32.3', 'Accept-Encoding': 'gzip, deflate', 'Accept': '*/*', 'Connection': 'keep-alive'} 
 body=None 
 </msg>
<msg time="2025-03-20T13:52:03.411777" level="INFO">GET Response : url=https://www.rijksmuseum.nl/api/nl/collection?key=0fiuZFh4 
 status=200, reason=OK 
 headers={'Date': 'Thu, 20 Mar 2025 12:52:03 GMT', 'Content-Type': 'application/json; charset=utf-8', 'Transfer-Encoding': 'chunked', 'Connection': 'keep-alive', 'Content-Encoding': 'gzip', 'Vary': 'Accept-Encoding', 'Strict-Transport-Security': 'max-age=2592000', 'X-Powered-By': 'ASP.NET', 'x-azure-ref': '20250320T125202Z-15cb7c4fc97bg2wjhC1PARndww00000009eg0000000009v5', 'X-Cache': 'CONFIG_NOCACHE'} 
 body={"elapsedMilliseconds":0,"count":831864,"countFacets":{"hasimage":701948,"ondisplay":8742},"artObjects":[{"links":{"self":"http://www.rijksmuseum.nl/api/nl/collection/SK-A-3059","web":"http://www.rijksmuseum.nl/nl/collectie/SK-A-3059"},"id":"nl-SK-A-3059","objectNumber":"SK-A-3059","title":"Het zieke kind","hasImage":true,"principalOrFirstMaker":"Gabriël Metsu","longTitle":"Het zieke kind, Gabriël Metsu, ca. 1664 - ca. 1666","showImage":true,"permitDownload":true,"webImage":{"guid":"2dd9705f-bdf0-4304-a8f7-02589edf81d6","offsetPercentageX":0,"offsetPercentageY":0,"width":4443,"height":5479,"url":"https://lh3.googleusercontent.com/SCp0xV3Rwxh3ipnuSnbEQR_uGrHlsvHXlLD-5kVSjAE7WPWiribDB77_LcJETu4EydCC_jMuhsgjz4maHzY_t-xeiw=s0"},"headerImage":{"guid":"fca95581-cccc-4adf-9104-ad16f2908329","offsetPercentageX":0,"offsetPercentageY":0,"width":1920,"height":460,"url":"https://lh3.googleusercontent.com/DPf2gg2g_QYo5j3G2fAXzCC_li5wvQ50VPlciWc6-9VbVmYiQdLL1klUg98u0Pnxbpc3eQIbR1L7t5Dw7bLY7nKtRNQ=s0"},"productionPlaces":[]},{"links":{"self":"http://www.rijksmuseum.nl/api/nl/collection/SK-A-3948","web":"http://www.rijksmuseum.nl/nl/collectie/SK-A-3948"},"id":"nl-SK-A-3948","objectNumber":"SK-A-3948","title":"Portret van een lid van de familie Van der Mersch","hasImage":true,"principalOrFirstMaker":"Cornelis Troost","longTitle":"Portret van een lid van de familie Van der Mersch, Cornelis Troost, 1736","showImage":true,"permitDownload":true,"webImage":{"guid":"c2ac9347-7d7a-4148-ac21-152e6b29d0f5","offsetPercentageX":0,"offsetPercentageY":0,"width":2786,"height":3522,"url":"https://lh5.ggpht.com/5cC5A43gL66dAluLm3_Mp0NiZ7v6BZxwnD--37cz3fvjV087nF1NvkOjnlWs5KqnvgVtd1pcR-JcqkTCk8YKhWr_W3j8=s0"},"headerImage":{"guid":"03fe8b83-69a2-42b0-911e-13dd6cee8757","offsetPercentageX":0,"offsetPercentageY":0,"width":1920,"height":460,"url":"https://lh5.ggpht.com/9WNL5KBUf9yw9ASqNMgnMW4olwz_FLkcsPnCncQ0DFBFlbYsWthyKg8jSgFG2Oh7peyHz08kiBsdyhNO7HVixIihXw=s0"},"productionPlaces":["Noordelijke Nederlanden"]},{"links":{"self":"http://www.rijksmuseum.nl/api/nl/collection/SK-A-4830","web":"http://www.rijksmuseum.nl/nl/collectie/SK-A-4830"},"id":"nl-SK-A-4830","objectNumber":"SK-A-4830","title":"Stilleven met vergulde bokaal","hasImage":true,"principalOrFirstMaker":"Willem Claesz. Heda","longTitle":"Stilleven met vergulde bokaal, Willem Claesz. Heda, 1635","showImage":true,"permitDownload":true,"webImage":{"guid":"958cbf50-5232-4378-a410-7d9573dfb718","offsetPercentageX":0,"offsetPercentageY":0,"width":5772,"height":4481,"url":"https://lh3.googleusercontent.com/mZj-trnVh6jeUDsl1o0a3xNXPat_UOZtKecS4LaZdTLcNoIqtd_yf6beJKCUVzk3NT5SSFeQ-hOzJEOOSV9sg8dHE6VjFjUrGfxwe5Sg=s0"},"headerImage":{"guid":"d5db3a03-3d6e-4700-a1cb-c737887a6923","offsetPercentageX":0,"offsetPercentageY":0,"width":1920,"height":460,"url":"https://lh3.googleusercontent.com/oY8pcdQahKwdBj_TFoV1UPUFkjY-XQZ5LcPb7Y2Aqexsg5g8h0A6bSWC9qpl-HbS46mX_5C51Du7bRATwQVdMPW0SBE3aDQALUZhCA8=s0"},"productionPlaces":[]},{"links":{"self":"http://www.rijksmuseum.nl/api/nl/collection/SK-A-1451","web":"http://www.rijksmuseum.nl/nl/collectie/SK-A-1451"},"id":"nl-SK-A-1451","objectNumber":"SK-A-1451","title":"De welvoorziene keuken","hasImage":true,"principalOrFirstMaker":"Joachim Bueckelaer","longTitle":"De welvoorziene keuken, Joachim Bueckelaer, 1566","showImage":true,"permitDownload":true,"webImage":{"guid":"1d39e4da-6b58-4a58-ae4f-792d3099c7af","offsetPercentageX":0,"offsetPercentageY":0,"width":5958,"height":4063,"url":"https://lh3.googleusercontent.com/SjuKgVllMl-wQ9sRUXch29gQpNg2NDiNSRsPGft0CzbGOIFwZktLNz7_689URZOGxOHFO76B722WD1RibHoBdOm7csga=s0"},"headerImage":{"guid":"a47ecd80-c883-456b-80ef-ab248766b9f4","offsetPercentageX":0,"offsetPercentageY":0,"width":1920,"height":460,"url":"https://lh3.googleusercontent.com/yUbyE1Wy6ZaLrcHG-HYe1fshg4nTV_gAmT523Hj4CWvgr51LWGO0kmArD4WaUvK9fmvuKoRuNP0s3ke_ZWtglf-Kvzpk=s0"},"productionPlaces":["Antwerpen (stad)"]},{"links":{"self":"http://www.rijksmuseum.nl/api/nl/collection/SK-A-3841","web":"http://www.rijksmuseum.nl/nl/collectie/SK-A-3841"},"id":"nl-SK-A-3841","objectNumber":"SK-A-3841","title":"De dans om het gouden kalf","hasImage":true,"principalOrFirstMaker":"Lucas van Leyden","longTitle":"De dans om het gouden kalf, Lucas van Leyden, ca. 1530","showImage":true,"permitDownload":true,"webImage":{"guid":"d355c71e-804c-4f01-8449-361a1c68053c","offsetPercentageX":0,"offsetPercentageY":0,"width":6001,"height":4573,"url":"https://lh3.googleusercontent.com/BhqE25cpBVQ8tZUZFsWs4W-cf6LRU0fFtUcC7k24OOjW5en5xJ7mNSfIZQKJZncp7M1B6f6PJrbr0H0MivzQzw_fXJU=s0"},"headerImage":{"guid":"451bc6d0-f740-4dd9-8672-fd71b1c9a999","offsetPercentageX":0,"offsetPercentageY":0,"width":1920,"height":460,"url":"https://lh3.googleusercontent.com/bGpwUdwA70gOHVDGXassviRjbFs1QHOgZG7bc3b7HAzf7h3v8B659aEb2t0lsUQWnQRaWA_ajV7eGLcAdwWztA4Qcac=s0"},"productionPlaces":["Leiden"]},{"links":{"self":"http://www.rijksmuseum.nl/api/nl/collection/SK-A-1505","web":"http://www.rijksmuseum.nl/nl/collectie/SK-A-1505"},"id":"nl-SK-A-1505","objectNumber":"SK-A-1505","title":"Een molen aan een poldervaart, bekend als ‘In de maand juli’","hasImage":true,"principalOrFirstMaker":"Paul Joseph Constantin Gabriël","longTitle":"Een molen aan een poldervaart, bekend als ‘In de maand juli’, Paul Joseph Constantin Gabriël, ca. 1889","showImage":true,"permitDownload":true,"webImage":{"guid":"3e83eca2-5306-4d6d-b499-f86091c81d39","offsetPercentageX":0,"offsetPercentageY":0,"width":4131,"height":6379,"url":"https://lh3.googleusercontent.com/nfJiRConmXf4QR1bK3-E456qIEp2bYtuemyy3P3t7PonntyGJ8iPzFNKJPhZFCSSmJmj2AHePE4V1xl3BOz2NT8mfbNg=s0"},"headerImage":{"guid":"34e94d7f-4d7a-464e-b3f9-eb5532f98c27","offsetPercentageX":0,"offsetPercentageY":0,"width":1767,"height":424,"url":"https://lh3.googleusercontent.com/aBYq1zHv15e7b3QhO20l8calrdCVOljfAjpoZeipAFZi53VhuDD-CFOym2ICOWD10C79flH_nW7rU7XBOQCKq50ozlY=s0"},"productionPlaces":[]},{"links":{"self":"http://www.rijksmuseum.nl/api/nl/collection/SK-A-2963","web":"http://www.rijksmuseum.nl/nl/collectie/SK-A-2963"},"id":"nl-SK-A-2963","objectNumber":"SK-A-2963","title":"Portret van Don Ramón Satué","hasImage":true,"principalOrFirstMaker":"Francisco de Goya","longTitle":"Portret van Don Ramón Satué, Francisco de Goya, 1823","showImage":true,"permitDownload":true,"webImage":{"guid":"b7e78388-9d9f-4d74-9090-e6529fa572c9","offsetPercentageX":0,"offsetPercentageY":0,"width":4575,"height":5735,"url":"https://lh3.googleusercontent.com/SwwiVAxnwFE_s-k7-bPOZ6jnGfcuVDJoZ-ofLb0Zispb-mJdsfasrE1nTPRcGDPwyEqY0txKpjPcAWaIIltYvvPtDA8=s0"},"headerImage":{"guid":"ddb422b2-6ff0-48dc-92b1-107eccd444cb","offsetPercentageX":0,"offsetPercentageY":0,"width":1920,"height":460,"url":"https://lh3.googleusercontent.com/og1iXSLmAw1SrhMtE_EHWLB46KA5nZWOeTXF_JFltq5tYO7fce59M0tB3kyLDtYez6UX5_Vy2XFdk4vBuD0BKeKnAI0=s0"},"productionPlaces":[]},{"links":{"self":"http://www.rijksmuseum.nl/api/nl/collection/SK-A-135","web":"http://www.rijksmuseum.nl/nl/collectie/SK-A-135"},"id":"nl-SK-A-135","objectNumber":"SK-A-135","title":"De vrolijke drinker","hasImage":true,"principalOrFirstMaker":"Frans Hals","longTitle":"De vrolijke drinker, Frans Hals, ca. 1628 - ca. 1630","showImage":true,"permitDownload":true,"webImage":{"guid":"447b11f6-7c16-48b5-a04e-8694929bd7ae","offsetPercentageX":0,"offsetPercentageY":0,"width":4639,"height":5551,"url":"https://lh3.googleusercontent.com/bMCQgUbifzAl-How19Ru06KYgdVuND2pdYzY81zIx3MJ0ld6yqzPnWLVUOu0Aj1JNgK-lFDT2CSjfmQ-erpBdJ6AM4XGAwuQoivxWpJ8=s0"},"headerImage":{"guid":"5ac15e40-35d6-42cf-8680-006c82cccce2","offsetPercentageX":0,"offsetPercentageY":0,"width":1920,"height":460,"url":"https://lh3.googleusercontent.com/vCjqORJ4UHC8N-ikdaZ3GBzYie_0hcAuWDmScq6tEjpOue7paFljrO40RPR2ukNNLquUImn27s3IQMA2_m2YNcyArXGKUFy1W4h3KMBC=s0"},"productionPlaces":[]},{"links":{"self":"http://www.rijksmuseum.nl/api/nl/collection/SK-A-2099","web":"http://www.rijksmuseum.nl/nl/collectie/SK-A-2099"},"id":"nl-SK-A-2099","objectNumber":"SK-A-2099","title":"Stilleven met asperges","hasImage":true,"principalOrFirstMaker":"Adriaen Coorte","longTitle":"Stilleven met asperges, Adriaen Coorte, 1697","showImage":true,"permitDownload":true,"webImage":{"guid":"d0c3b966-dc1d-4845-bafd-feafcc2a081d","offsetPercentageX":0,"offsetPercentageY":0,"width":4747,"height":5908,"url":"https://lh3.googleusercontent.com/qEnlrp5MyHgLIVvrQR3HYtMBhQaLsxCmhBB15DCxX07l_rAvKqjKAXgCkgigYYxA2hGls9riG6Xfn_K_V5_GMfd_0bE=s0"},"headerImage":{"guid":"a3af4b53-154c-452d-96c6-5bb4528fa455","offsetPercentageX":0,"offsetPercentageY":0,"width":1920,"height":460,"url":"https://lh3.googleusercontent.com/hEyoYfjyCji2WjliEMiMBJvrrH0lyHZLCS4jozSfWQBV8ts8jOWojggpLfX8bJ666XPtuT5Yovm7M9VQSBEIRa_ASY0=s0"},"productionPlaces":[]},{"links":{"self":"http://www.rijksmuseum.nl/api/nl/collection/SK-A-1796","web":"http://www.rijksmuseum.nl/nl/collectie/SK-A-1796"},"id":"nl-SK-A-1796","objectNumber":"SK-A-1796","title":"De buitenpartij","hasImage":true,"principalOrFirstMaker":"Dirck Hals","longTitle":"De buitenpartij, Dirck Hals, 1627","showImage":true,"permitDownload":true,"webImage":{"guid":"a7ed1208-15a3-4ea3-867c-7a2ed7bf3cd4","offsetPercentageX":0,"offsetPercentageY":1,"width":6498,"height":3722,"url":"https://lh3.googleusercontent.com/zjehg1KWc2C2s4c3ThD3v1ROk8PFjj2c-6ZcIoLzmBp-bQ17AkF7EijTqWuXx6YbGWrAJA04Tqm3AVcLsqEifHEyMAbEoZ9ROiUUZjbYNw=s0"},"headerImage":{"guid":"2e6ea4f4-6c98-44fc-b9ba-ee3bae2d7c3b","offsetPercentageX":0,"offsetPercentageY":0,"width":1920,"height":460,"url":"https://lh3.googleusercontent.com/PcLsgjYFZZhDTuSgToulTcRUH8io6NpZTWyccYl1PaQ1sum1D_DBYZADFn6kSWv3hwgwsf8ozd8uF9PGG2U9JDp0AxBsLczLdHixmDk=s0"},"productionPlaces":[]}],"facets":[{"facets":[{"key":"Ed van der Elsken","value":8176},{"key":"George Hendrik Breitner","value":5582},{"key":"Jan Luyken","value":5005},{"key":"Reinier Vinkeles (I)","value":4700},{"key":"Marius Bauer","value":3411},{"key":"Aat Veldhoen","value":2867},{"key":"Isaac Israels","value":2866},{"key":"Willem Witsen","value":2680},... (set the log level to DEBUG or TRACE to see the full content) 
 </msg>
<msg time="2025-03-20T13:52:03.412160" level="INFO">${response} = &lt;Response [200]&gt;</msg>
<var>${response}</var>
<arg>${BASE_URL}</arg>
<arg>params=key=${API_KEY}</arg>
<doc>Sends a GET request.</doc>
<status status="PASS" start="2025-03-20T13:52:02.187838" elapsed="1.224376"/>
</kw>
<kw name="Should Be Equal As Numbers" owner="BuiltIn">
<msg time="2025-03-20T13:52:03.414049" level="INFO">Argument types are:
&lt;class 'int'&gt;
&lt;class 'str'&gt;</msg>
<arg>${response.status_code}</arg>
<arg>200</arg>
<doc>Fails if objects are unequal after converting them to real numbers.</doc>
<status status="PASS" start="2025-03-20T13:52:03.413286" elapsed="0.000882"/>
</kw>
<kw name="Log" owner="BuiltIn">
<msg time="2025-03-20T13:52:03.417697" level="INFO">{'elapsedMilliseconds': 0, 'count': 831864, 'countFacets': {'hasimage': 701948, 'ondisplay': 8742}, 'artObjects': [{'links': {'self': 'http://www.rijksmuseum.nl/api/nl/collection/SK-A-3059', 'web': 'http://www.rijksmuseum.nl/nl/collectie/SK-A-3059'}, 'id': 'nl-SK-A-3059', 'objectNumber': 'SK-A-3059', 'title': 'Het zieke kind', 'hasImage': True, 'principalOrFirstMaker': 'Gabriël Metsu', 'longTitle': 'Het zieke kind, Gabriël Metsu, ca. 1664 - ca. 1666', 'showImage': True, 'permitDownload': True, 'webImage': {'guid': '2dd9705f-bdf0-4304-a8f7-02589edf81d6', 'offsetPercentageX': 0, 'offsetPercentageY': 0, 'width': 4443, 'height': 5479, 'url': 'https://lh3.googleusercontent.com/SCp0xV3Rwxh3ipnuSnbEQR_uGrHlsvHXlLD-5kVSjAE7WPWiribDB77_LcJETu4EydCC_jMuhsgjz4maHzY_t-xeiw=s0'}, 'headerImage': {'guid': 'fca95581-cccc-4adf-9104-ad16f2908329', 'offsetPercentageX': 0, 'offsetPercentageY': 0, 'width': 1920, 'height': 460, 'url': 'https://lh3.googleusercontent.com/DPf2gg2g_QYo5j3G2fAXzCC_li5wvQ50VPlciWc6-9VbVmYiQdLL1klUg98u0Pnxbpc3eQIbR1L7t5Dw7bLY7nKtRNQ=s0'}, 'productionPlaces': []}, {'links': {'self': 'http://www.rijksmuseum.nl/api/nl/collection/SK-A-3948', 'web': 'http://www.rijksmuseum.nl/nl/collectie/SK-A-3948'}, 'id': 'nl-SK-A-3948', 'objectNumber': 'SK-A-3948', 'title': 'Portret van een lid van de familie Van der Mersch', 'hasImage': True, 'principalOrFirstMaker': 'Cornelis Troost', 'longTitle': 'Portret van een lid van de familie Van der Mersch, Cornelis Troost, 1736', 'showImage': True, 'permitDownload': True, 'webImage': {'guid': 'c2ac9347-7d7a-4148-ac21-152e6b29d0f5', 'offsetPercentageX': 0, 'offsetPercentageY': 0, 'width': 2786, 'height': 3522, 'url': 'https://lh5.ggpht.com/5cC5A43gL66dAluLm3_Mp0NiZ7v6BZxwnD--37cz3fvjV087nF1NvkOjnlWs5KqnvgVtd1pcR-JcqkTCk8YKhWr_W3j8=s0'}, 'headerImage': {'guid': '03fe8b83-69a2-42b0-911e-13dd6cee8757', 'offsetPercentageX': 0, 'offsetPercentageY': 0, 'width': 1920, 'height': 460, 'url': 'https://lh5.ggpht.com/9WNL5KBUf9yw9ASqNMgnMW4olwz_FLkcsPnCncQ0DFBFlbYsWthyKg8jSgFG2Oh7peyHz08kiBsdyhNO7HVixIihXw=s0'}, 'productionPlaces': ['Noordelijke Nederlanden']}, {'links': {'self': 'http://www.rijksmuseum.nl/api/nl/collection/SK-A-4830', 'web': 'http://www.rijksmuseum.nl/nl/collectie/SK-A-4830'}, 'id': 'nl-SK-A-4830', 'objectNumber': 'SK-A-4830', 'title': 'Stilleven met vergulde bokaal', 'hasImage': True, 'principalOrFirstMaker': 'Willem Claesz. Heda', 'longTitle': 'Stilleven met vergulde bokaal, Willem Claesz. Heda, 1635', 'showImage': True, 'permitDownload': True, 'webImage': {'guid': '958cbf50-5232-4378-a410-7d9573dfb718', 'offsetPercentageX': 0, 'offsetPercentageY': 0, 'width': 5772, 'height': 4481, 'url': 'https://lh3.googleusercontent.com/mZj-trnVh6jeUDsl1o0a3xNXPat_UOZtKecS4LaZdTLcNoIqtd_yf6beJKCUVzk3NT5SSFeQ-hOzJEOOSV9sg8dHE6VjFjUrGfxwe5Sg=s0'}, 'headerImage': {'guid': 'd5db3a03-3d6e-4700-a1cb-c737887a6923', 'offsetPercentageX': 0, 'offsetPercentageY': 0, 'width': 1920, 'height': 460, 'url': 'https://lh3.googleusercontent.com/oY8pcdQahKwdBj_TFoV1UPUFkjY-XQZ5LcPb7Y2Aqexsg5g8h0A6bSWC9qpl-HbS46mX_5C51Du7bRATwQVdMPW0SBE3aDQALUZhCA8=s0'}, 'productionPlaces': []}, {'links': {'self': 'http://www.rijksmuseum.nl/api/nl/collection/SK-A-1451', 'web': 'http://www.rijksmuseum.nl/nl/collectie/SK-A-1451'}, 'id': 'nl-SK-A-1451', 'objectNumber': 'SK-A-1451', 'title': 'De welvoorziene keuken', 'hasImage': True, 'principalOrFirstMaker': 'Joachim Bueckelaer', 'longTitle': 'De welvoorziene keuken, Joachim Bueckelaer, 1566', 'showImage': True, 'permitDownload': True, 'webImage': {'guid': '1d39e4da-6b58-4a58-ae4f-792d3099c7af', 'offsetPercentageX': 0, 'offsetPercentageY': 0, 'width': 5958, 'height': 4063, 'url': 'https://lh3.googleusercontent.com/SjuKgVllMl-wQ9sRUXch29gQpNg2NDiNSRsPGft0CzbGOIFwZktLNz7_689URZOGxOHFO76B722WD1RibHoBdOm7csga=s0'}, 'headerImage': {'guid': 'a47ecd80-c883-456b-80ef-ab248766b9f4', 'offsetPercentageX': 0, 'offsetPercentageY': 0, 'width': 1920, 'height': 460, 'url': 'https://lh3.googleusercontent.com/yUbyE1Wy6ZaLrcHG-HYe1fshg4nTV_gAmT523Hj4CWvgr51LWGO0kmArD4WaUvK9fmvuKoRuNP0s3ke_ZWtglf-Kvzpk=s0'}, 'productionPlaces': ['Antwerpen (stad)']}, {'links': {'self': 'http://www.rijksmuseum.nl/api/nl/collection/SK-A-3841', 'web': 'http://www.rijksmuseum.nl/nl/collectie/SK-A-3841'}, 'id': 'nl-SK-A-3841', 'objectNumber': 'SK-A-3841', 'title': 'De dans om het gouden kalf', 'hasImage': True, 'principalOrFirstMaker': 'Lucas van Leyden', 'longTitle': 'De dans om het gouden kalf, Lucas van Leyden, ca. 1530', 'showImage': True, 'permitDownload': True, 'webImage': {'guid': 'd355c71e-804c-4f01-8449-361a1c68053c', 'offsetPercentageX': 0, 'offsetPercentageY': 0, 'width': 6001, 'height': 4573, 'url': 'https://lh3.googleusercontent.com/BhqE25cpBVQ8tZUZFsWs4W-cf6LRU0fFtUcC7k24OOjW5en5xJ7mNSfIZQKJZncp7M1B6f6PJrbr0H0MivzQzw_fXJU=s0'}, 'headerImage': {'guid': '451bc6d0-f740-4dd9-8672-fd71b1c9a999', 'offsetPercentageX': 0, 'offsetPercentageY': 0, 'width': 1920, 'height': 460, 'url': 'https://lh3.googleusercontent.com/bGpwUdwA70gOHVDGXassviRjbFs1QHOgZG7bc3b7HAzf7h3v8B659aEb2t0lsUQWnQRaWA_ajV7eGLcAdwWztA4Qcac=s0'}, 'productionPlaces': ['Leiden']}, {'links': {'self': 'http://www.rijksmuseum.nl/api/nl/collection/SK-A-1505', 'web': 'http://www.rijksmuseum.nl/nl/collectie/SK-A-1505'}, 'id': 'nl-SK-A-1505', 'objectNumber': 'SK-A-1505', 'title': 'Een molen aan een poldervaart, bekend als ‘In de maand juli’', 'hasImage': True, 'principalOrFirstMaker': 'Paul Joseph Constantin Gabriël', 'longTitle': 'Een molen aan een poldervaart, bekend als ‘In de maand juli’, Paul Joseph Constantin Gabriël, ca. 1889', 'showImage': True, 'permitDownload': True, 'webImage': {'guid': '3e83eca2-5306-4d6d-b499-f86091c81d39', 'offsetPercentageX': 0, 'offsetPercentageY': 0, 'width': 4131, 'height': 6379, 'url': 'https://lh3.googleusercontent.com/nfJiRConmXf4QR1bK3-E456qIEp2bYtuemyy3P3t7PonntyGJ8iPzFNKJPhZFCSSmJmj2AHePE4V1xl3BOz2NT8mfbNg=s0'}, 'headerImage': {'guid': '34e94d7f-4d7a-464e-b3f9-eb5532f98c27', 'offsetPercentageX': 0, 'offsetPercentageY': 0, 'width': 1767, 'height': 424, 'url': 'https://lh3.googleusercontent.com/aBYq1zHv15e7b3QhO20l8calrdCVOljfAjpoZeipAFZi53VhuDD-CFOym2ICOWD10C79flH_nW7rU7XBOQCKq50ozlY=s0'}, 'productionPlaces': []}, {'links': {'self': 'http://www.rijksmuseum.nl/api/nl/collection/SK-A-2963', 'web': 'http://www.rijksmuseum.nl/nl/collectie/SK-A-2963'}, 'id': 'nl-SK-A-2963', 'objectNumber': 'SK-A-2963', 'title': 'Portret van Don Ramón Satué', 'hasImage': True, 'principalOrFirstMaker': 'Francisco de Goya', 'longTitle': 'Portret van Don Ramón Satué, Francisco de Goya, 1823', 'showImage': True, 'permitDownload': True, 'webImage': {'guid': 'b7e78388-9d9f-4d74-9090-e6529fa572c9', 'offsetPercentageX': 0, 'offsetPercentageY': 0, 'width': 4575, 'height': 5735, 'url': 'https://lh3.googleusercontent.com/SwwiVAxnwFE_s-k7-bPOZ6jnGfcuVDJoZ-ofLb0Zispb-mJdsfasrE1nTPRcGDPwyEqY0txKpjPcAWaIIltYvvPtDA8=s0'}, 'headerImage': {'guid': 'ddb422b2-6ff0-48dc-92b1-107eccd444cb', 'offsetPercentageX': 0, 'offsetPercentageY': 0, 'width': 1920, 'height': 460, 'url': 'https://lh3.googleusercontent.com/og1iXSLmAw1SrhMtE_EHWLB46KA5nZWOeTXF_JFltq5tYO7fce59M0tB3kyLDtYez6UX5_Vy2XFdk4vBuD0BKeKnAI0=s0'}, 'productionPlaces': []}, {'links': {'self': 'http://www.rijksmuseum.nl/api/nl/collection/SK-A-135', 'web': 'http://www.rijksmuseum.nl/nl/collectie/SK-A-135'}, 'id': 'nl-SK-A-135', 'objectNumber': 'SK-A-135', 'title': 'De vrolijke drinker', 'hasImage': True, 'principalOrFirstMaker': 'Frans Hals', 'longTitle': 'De vrolijke drinker, Frans Hals, ca. 1628 - ca. 1630', 'showImage': True, 'permitDownload': True, 'webImage': {'guid': '447b11f6-7c16-48b5-a04e-8694929bd7ae', 'offsetPercentageX': 0, 'offsetPercentageY': 0, 'width': 4639, 'height': 5551, 'url': 'https://lh3.googleusercontent.com/bMCQgUbifzAl-How19Ru06KYgdVuND2pdYzY81zIx3MJ0ld6yqzPnWLVUOu0Aj1JNgK-lFDT2CSjfmQ-erpBdJ6AM4XGAwuQoivxWpJ8=s0'}, 'headerImage': {'guid': '5ac15e40-35d6-42cf-8680-006c82cccce2', 'offsetPercentageX': 0, 'offsetPercentageY': 0, 'width': 1920, 'height': 460, 'url': 'https://lh3.googleusercontent.com/vCjqORJ4UHC8N-ikdaZ3GBzYie_0hcAuWDmScq6tEjpOue7paFljrO40RPR2ukNNLquUImn27s3IQMA2_m2YNcyArXGKUFy1W4h3KMBC=s0'}, 'productionPlaces': []}, {'links': {'self': 'http://www.rijksmuseum.nl/api/nl/collection/SK-A-2099', 'web': 'http://www.rijksmuseum.nl/nl/collectie/SK-A-2099'}, 'id': 'nl-SK-A-2099', 'objectNumber': 'SK-A-2099', 'title': 'Stilleven met asperges', 'hasImage': True, 'principalOrFirstMaker': 'Adriaen Coorte', 'longTitle': 'Stilleven met asperges, Adriaen Coorte, 1697', 'showImage': True, 'permitDownload': True, 'webImage': {'guid': 'd0c3b966-dc1d-4845-bafd-feafcc2a081d', 'offsetPercentageX': 0, 'offsetPercentageY': 0, 'width': 4747, 'height': 5908, 'url': 'https://lh3.googleusercontent.com/qEnlrp5MyHgLIVvrQR3HYtMBhQaLsxCmhBB15DCxX07l_rAvKqjKAXgCkgigYYxA2hGls9riG6Xfn_K_V5_GMfd_0bE=s0'}, 'headerImage': {'guid': 'a3af4b53-154c-452d-96c6-5bb4528fa455', 'offsetPercentageX': 0, 'offsetPercentageY': 0, 'width': 1920, 'height': 460, 'url': 'https://lh3.googleusercontent.com/hEyoYfjyCji2WjliEMiMBJvrrH0lyHZLCS4jozSfWQBV8ts8jOWojggpLfX8bJ666XPtuT5Yovm7M9VQSBEIRa_ASY0=s0'}, 'productionPlaces': []}, {'links': {'self': 'http://www.rijksmuseum.nl/api/nl/collection/SK-A-1796', 'web': 'http://www.rijksmuseum.nl/nl/collectie/SK-A-1796'}, 'id': 'nl-SK-A-1796', 'objectNumber': 'SK-A-1796', 'title': 'De buitenpartij', 'hasImage': True, 'principalOrFirstMaker': 'Dirck Hals', 'longTitle': 'De buitenpartij, Dirck Hals, 1627', 'showImage': True, 'permitDownload': True, 'webImage': {'guid': 'a7ed1208-15a3-4ea3-867c-7a2ed7bf3cd4', 'offsetPercentageX': 0, 'offsetPercentageY': 1, 'width': 6498, 'height': 3722, 'url': 'https://lh3.googleusercontent.com/zjehg1KWc2C2s4c3ThD3v1ROk8PFjj2c-6ZcIoLzmBp-bQ17AkF7EijTqWuXx6YbGWrAJA04Tqm3AVcLsqEifHEyMAbEoZ9ROiUUZjbYNw=s0'}, 'headerImage': {'guid': '2e6ea4f4-6c98-44fc-b9ba-ee3bae2d7c3b', 'offsetPercentageX': 0, 'offsetPercentageY': 0, 'width': 1920, 'height': 460, 'url': 'https://lh3.googleusercontent.com/PcLsgjYFZZhDTuSgToulTcRUH8io6NpZTWyccYl1PaQ1sum1D_DBYZADFn6kSWv3hwgwsf8ozd8uF9PGG2U9JDp0AxBsLczLdHixmDk=s0'}, 'productionPlaces': []}], 'facets': [{'facets': [{'key': 'Ed van der Elsken', 'value': 8176}, {'key': 'George Hendrik Breitner', 'value': 5582}, {'key': 'Jan Luyken', 'value': 5005}, {'key': 'Reinier Vinkeles (I)', 'value': 4700}, {'key': 'Marius Bauer', 'value': 3411}, {'key': 'Aat Veldhoen', 'value': 2867}, {'key': 'Isaac Israels', 'value': 2866}, {'key': 'Willem Witsen', 'value': 2680}, {'key': 'Johannes Tavenraat', 'value': 2658}, {'key': 'Daniel Nikolaus Chodowiecki', 'value': 2492}, {'key': 'Bernard Picart', 'value': 2441}, {'key': 'Johan Braakensiek', 'value': 2413}, {'key': 'Vincent Samuel Mentzel', 'value': 2363}, {'key': 'Jacob Houbraken', 'value': 2105}, {'key': 'anoniem (Monumentenzorg)', 'value': 2045}, {'key': 'Antonio Tempesta', 'value': 1922}, {'key': 'Henk Pander', 'value': 1804}, {'key': 'Carel Adolph Lion Cachet', 'value': 1795}, {'key': 'Simon Fokke', 'value': 1626}, {'key': 'Rembrandt van Rijn', 'value': 1553}, {'key': 'Romeyn de Hooghe', 'value': 1367}, {'key': 'Norbert van den Berg (1901-1972)', 'value': 1361}, {'key': 'Philips Galle', 'value': 1318}, {'key': 'Richard Nicolaüs Roland Holst', 'value': 1295}, {'key': 'Leo Gestel', 'value': 1249}, {'key': 'Sébastien Leclerc (I)', 'value': 1244}, {'key': 'Jan Veth', 'value': 1230}, {'key': 'Meissener Porzellan Manufaktur', 'value': 1229}, {'key': 'Gerrit Willem Dijsselhof', 'value': 1202}, {'key': 'Jozef Israëls', 'value': 1193}, {'key': 'Willem Diepraam', 'value': 1187}, {'key': 'Johan Michaël Schmidt Crans', 'value': 1178}, {'key': 'Wenceslaus Hollar', 'value': 1153}, {'key': 'Nicolaas Wijnberg', 'value': 1152}, {'key': 'Crispijn van de Passe (I)', 'value': 1142}, {'key': 'Frans Hogenberg', 'value': 1134}, {'key': 'Jacques de Gheyn (II)', 'value': 1119}, {'key': 'Peter Vos', 'value': 1100}, {'key': 'Hendrik Spilman', 'value': 1060}, {'key': 'Gaspard Louis François van Kinschot', 'value': 1059}, {'key': 'Stefano della Bella', 'value': 1025}, {'key': 'Caspar Luyken', 'value': 1020}, {'key': 'Jeanne Bieruma Oosting', 'value': 1006}, {'key': 'Michel Wolgemut', 'value': 1002}, {'key': 'Hendrick Goltzius', 'value': 999}, {'key': 'Adriaen Collaert', 'value': 986}, {'key': 'Anton Mauve', 'value': 984}, {'key': 'Johann Sadeler (I)', 'value': 976}, {'key': 'Pieter Schenk (I)', 'value': 974}, {'key': 'diverse vervaardigers', 'value': 967}, {'key': 'Hendrik Herman van den Berg', 'value': 960}, {'key': 'Reinier Willem Petrus de Vries (1874-1953)', 'value': 960}, {'key': 'Virgilius Solis', 'value': 960}, {'key': 'Jacques Callot', 'value': 944}, {'key': 'Jan van de Velde (II)', 'value': 915}, {'key': 'Cornelis Vreedenburgh', 'value': 913}, {'key': "Carel Nicolaas Storm van 's-Gravesande", 'value': 890}, {'key': 'Christoffel van Sichem (II)', 'value': 880}, {'key': 'August Allebé', 'value': 860}, {'key': 'veuve Delpech (Naudet)', 'value': 857}, {'key': 'Abraham Rademaker', 'value': 850}, {'key': 'Anselmus Boëtius de Boodt', 'value': 835}, {'key': 'Jan Caspar Philips', 'value': 832}, {'key': 'Theo van Hoytema', 'value': 824}, {'key': 'Israël Silvestre', 'value': 822}, {'key': 'Georg Rueter', 'value': 817}, {'key': 'Johannes of Lucas van Doetechum', 'value': 800}, {'key': 'Reijer Stolk', 'value': 783}, {'key': 'Willem Cornelis Rip', 'value': 778}, {'key': 'Eva Charlotte Pennink-Boelen', 'value': 767}, {'key': 'Simon Frisius', 'value': 765}, {'key': 'Hendrik Doijer', 'value': 745}, {'key': 'Giorgio Sommer', 'value': 737}, {'key': 'Martin Bernigeroth', 'value': 731}, {'key': 'Jacob Ernst Marcus', 'value': 730}, {'key': 'Carel Christiaan Antony Last', 'value': 713}, {'key': 'Manufactuur Oud-Loosdrecht', 'value': 713}, {'key': 'Claude Mellan', 'value': 710}, {'key': 'Crispijn van de Passe (II)', 'value': 709}, {'key': 'Albert Greiner', 'value': 703}, {'key': 'Charles Donker', 'value': 698}, {'key': 'Jan Punt', 'value': 698}, {'key': 'Pam Georg Rueter', 'value': 692}, {'key': 'Henry Pauw van Wieldrecht', 'value': 658}, {'key': 'Hieronymus Wierix', 'value': 657}, {'key': 'Giovanni Battista Piranesi', 'value': 648}, {'key': 'Jean Lepautre', 'value': 648}, {'key': 'Karel Wetselaar', 'value': 646}, {'key': 'Fratelli Alinari', 'value': 643}, {'key': 'Pieter Tanjé', 'value': 636}, {'key': 'Anthonie van den Bos', 'value': 635}, {'key': 'Claes Jansz. Visscher (II)', 'value': 635}, {'key': 'Delizy', 'value': 629}, {'key': 'Johannes Wierix', 'value': 629}, {'key': 'Pieter Oosterhuis', 'value': 627}, {'key': 'Neue Photographische Gesellschaft', 'value': 625}, {'key': 'Antoon Derkinderen', 'value': 619}, {'key': 'Johannes Josephus Aarts', 'value': 619}, {'key': 'Geldolph Adriaan Kessler (Dolph)', 'value': 613}, {'key': 'Woodbury &amp; Page', 'value': 608}], 'name': 'principalMaker', 'otherTerms': 827835, 'prettyName': 10}, {'facets': [{'key': 'prent', 'value': 365070}, {'key': 'foto', 'value': 136666}, {'key': 'albumblad', 'value': 60120}, {'key': 'tekening', 'value': 56279}, {'key': 'fotomechanische afdruk', 'value': 48086}, {'key': 'bladzijde', 'value': 48065}, {'key': 'boekillustratie', 'value': 37840}, {'key': 'schetsboekblad', 'value': 35620}, {'key': 'reproductie', 'value': 18337}, {'key': 'carte-de-visite', 'value': 17863}, {'key': 'prentbriefkaart', 'value': 15423}, {'key': 'ornamentprent', 'value': 13907}, {'key': 'ex libris', 'value': 11843}, {'key': 'brief', 'value': 11385}, {'key': 'stereofoto', 'value': 10728}, {'key': 'spotprent', 'value': 9240}, {'key': 'volksprent', 'value': 8995}, {'key': 'affiche', 'value': 8558}, {'key': 'modeprent', 'value': 6097}, {'key': 'historiepenning', 'value': 5846}, {'key': 'historieprent', 'value': 5430}, {'key': 'ontwerp', 'value': 5188}, {'key': 'kaart', 'value': 5137}, {'key': 'kabinetfoto', 'value': 4924}, {'key': 'schilderij', 'value': 4853}, {'key': 'digitaal bestand', 'value': 4816}, {'key': 'boek', 'value': 4615}, {'key': 'munt', 'value': 4576}, {'key': 'titelpagina', 'value': 4487}, {'key': 'tekstblad', 'value': 3945}, {'key': 'aquarel', 'value': 3777}, {'key': 'boekillustratie (ontwerp)', 'value': 3630}, {'key': 'documentaire foto', 'value': 3393}, {'key': 'nieuwsprent', 'value': 2977}, {'key': 'dameskleding', 'value': 2777}, {'key': 'direct-klaar foto', 'value': 2731}, {'key': 'briefkaart', 'value': 2706}, {'key': 'kostuumprent', 'value': 2597}, {'key': 'titelprent', 'value': 2593}, {'key': 'fragment', 'value': 2526}, {'key': 'schotel', 'value': 2491}, {'key': 'servet', 'value': 2392}, {'key': 'nieuwjaarswens', 'value': 2358}, {'key': 'bord (vaatwerk)', 'value': 2250}, {'key': 'plattegrond', 'value': 2084}, {'key': 'miniatuur (poppenhuisgoed)', 'value': 2037}, {'key': 'rekenpenning', 'value': 1994}, {'key': 'omslag', 'value': 1847}, {'key': 'strook', 'value': 1847}, {'key': 'tijdschrift', 'value': 1818}, {'key': 'beeldhouwwerk', 'value': 1677}, {'key': 'scherf', 'value': 1590}, {'key': 'schilderijlijst', 'value': 1566}, {'key': 'lantaarnplaatje (fotografisch)', 'value': 1466}, {'key': 'lijst', 'value': 1401}, {'key': 'kleding', 'value': 1394}, {'key': 'meubilair', 'value': 1385}, {'key': 'penning', 'value': 1370}, {'key': 'deksel', 'value': 1353}, {'key': 'negatief', 'value': 1336}, {'key': 'handschrift', 'value': 1327}, {'key': 'ontwerptekening', 'value': 1313}, {'key': 'kop', 'value': 1296}, {'key': 'kalenderblad', 'value': 1288}, {'key': 'bovenkleding', 'value': 1175}, {'key': 'fotoalbum', 'value': 1121}, {'key': 'opticaprent', 'value': 1068}, {'key': 'vaas', 'value': 1028}, {'key': 'kom', 'value': 1016}, {'key': 'eet- en drinkgerei', 'value': 1009}, {'key': 'doos', 'value': 970}, {'key': 'glasdia', 'value': 956}, {'key': 'glasnegatief', 'value': 936}, {'key': 'stereoglasdia', 'value': 925}, {'key': 'kop-en-schotel', 'value': 909}, {'key': 'tegel', 'value': 906}, {'key': 'schetsboek', 'value': 902}, {'key': 'surimono', 'value': 846}, {'key': 'sitspapier', 'value': 839}, {'key': 'schutblad', 'value': 815}, {'key': 'bouwfragment', 'value': 806}, {'key': 'herenkleding', 'value': 792}, {'key': 'servies', 'value': 753}, {'key': 'stereofoto (tissue)', 'value': 747}, {'key': 'gildepenning', 'value': 744}, {'key': 'collage', 'value': 732}, {'key': 'document', 'value': 724}, {'key': 'muziekinstrument', 'value': 720}, {'key': 'boekband (ontwerp)', 'value': 696}, {'key': 'uitnodiging', 'value': 686}, {'key': 'kinderkleding', 'value': 683}, {'key': 'stoel', 'value': 662}, {'key': 'krantenknipsel', 'value': 656}, {'key': 'beeld', 'value': 646}, {'key': 'miniatuur', 'value': 632}, {'key': 'schaal', 'value': 629}, {'key': 'historisch objectvoorstelling', 'value': 621}, {'key': 'fotomechanisch procedé', 'value': 604}, {'key': 'kerstkaart', 'value': 602}, {'key': 'pot', 'value': 602}], 'name': 'type', 'otherTerms': 0, 'prettyName': 3}, {'facets': [{'key': '19', 'value': 311938}, {'key': '20', 'value': 183811}, {'key': '18', 'value': 136087}, {'key': '17', 'value': 129173}, {'key': '16', 'value': 49400}, {'key': '21', 'value': 11287}, {'key': '15', 'value': 5369}, {'key': '14', 'value': 1985}, {'key': '-2', 'value': 1182}, {'key': '13', 'value': 405}, {'key': '12', 'value': 389}, {'key': '-1', 'value': 160}, {'key': '10', 'value': 138}, {'key': '11', 'value': 122}, {'key': '9', 'value': 111}, {'key': '7', 'value': 63}, {'key': '8', 'value': 53}, {'key': '3', 'value': 47}, {'key': '2', 'value': 36}, {'key': '6', 'value': 36}, {'key': '5', 'value': 29}, {'key': '1', 'value': 25}, {'key': '4', 'value': 18}], 'name': 'dating.period', 'otherTerms': 0, 'prettyName': 4}, {'facets': [{'key': 'Amsterdam', 'value': 109062}, {'key': 'Nederland', 'value': 70803}, {'key': 'Parijs', 'value': 54510}, {'key': 'Den Haag', 'value': 24647}, {'key': 'Frankrijk', 'value': 22318}, {'key': 'Antwerpen (stad)', 'value': 19707}, {'key': 'Noordelijke Nederlanden', 'value': 18048}, {'key': 'Londen', 'value': 16251}, {'key': 'Italië', 'value': 15826}, {'key': 'Haarlem', 'value': 11488}, {'key': 'Rome', 'value': 10701}, {'key': 'Duitsland', 'value': 9580}, {'key': 'Berlijn', 'value': 9235}, {'key': 'Japan', 'value': 8875}, {'key': 'Leiden', 'value': 8449}, {'key': 'Brussel (stad)', 'value': 7842}, {'key': 'Utrecht', 'value': 7822}, {'key': 'Rotterdam', 'value': 6995}, {'key': 'Neurenberg', 'value': 6396}, {'key': '? Nederland', 'value': 4663}, {'key': 'Lage Landen', 'value': 4511}, {'key': 'China', 'value': 4491}, {'key': 'Augsburg', 'value': 4438}, {'key': 'Delft', 'value': 4387}, {'key': 'Engeland', 'value': 4206}, {'key': 'Leipzig', 'value': 4203}, {'key': 'Zuidelijke Nederlanden', 'value': 3736}, {'key': 'Venetië', 'value': 3464}, {'key': 'onbekend', 'value': 3393}, {'key': 'Vaticaanstad', 'value': 3246}, {'key': 'Wenen', 'value': 2990}, {'key': 'Keulen', 'value': 2932}, {'key': '? Frankrijk', 'value': 2870}, {'key': 'Dordrecht', 'value': 2802}, {'key': 'New York', 'value': 2799}, {'key': 'Europa', 'value': 2706}, {'key': 'München', 'value': 2591}, {'key': 'België', 'value': 2581}, {'key': '? Amsterdam', 'value': 2568}, {'key': 'Arnhem', 'value': 2514}, {'key': 'Suriname', 'value': 2479}, {'key': 'Frankfurt am Main', 'value': 2432}, {'key': 'Florence', 'value': 2398}, {'key': 'Praag', 'value': 2354}, {'key': 'Verenigde Staten van Amerika', 'value': 2300}, {'key': 'Maastricht', 'value': 2159}, {'key': 'Tokyo', 'value': 2015}, {'key': 'Dresden', 'value': 1968}, {'key': '? Duitsland', 'value': 1903}, {'key': 'Groningen', 'value': 1845}, {'key': 'Zwolle', 'value': 1565}, {'key': 'Middelburg', 'value': 1442}, {'key': 'Nijmegen', 'value': 1425}, {'key': 'Turnhout', 'value': 1366}, {'key': 'Meissen', 'value': 1288}, {'key': 'Sumatra', 'value': 1232}, {'key': 'Java', 'value': 1199}, {'key': 'Leeuwarden', 'value': 1193}, {'key': 'Oostenrijk', 'value': 1164}, {'key': 'Portland, Oregon', 'value': 1120}, {'key': 'Nederlands-Indië', 'value': 1089}, {'key': 'Indonesië', 'value': 1061}, {'key': 'Luik', 'value': 1052}, {'key': 'Spanje', 'value': 1043}, {'key': 'Alkmaar', 'value': 1032}, {'key': 'West-Europa', 'value': 987}, {'key': '? Parijs', 'value': 975}, {'key': 'Milaan', 'value': 967}, {'key': 'Zwitserland', 'value': 963}, {'key': 'Nancy', 'value': 962}, {'key': "'s-Hertogenbosch", 'value': 943}, {'key': 'Hamburg', 'value': 935}, {'key': 'Hilversum', 'value': 924}, {'key': 'Batavia', 'value': 904}, {'key': 'Stockholm', 'value': 874}, {'key': 'Purmerend', 'value': 871}, {'key': 'Boston', 'value': 864}, {'key': 'Eindhoven', 'value': 841}, {'key': 'Noord-Nederland', 'value': 832}, {'key': 'Genève', 'value': 831}, {'key': '? Noord-Nederland', 'value': 829}, {'key': '? Den Haag', 'value': 828}, {'key': 'Zürich (stad)', 'value': 798}, {'key': 'Egypte', 'value': 786}, {'key': 'Groot-Brittannië', 'value': 767}, {'key': 'Napels', 'value': 754}, {'key': 'Straatsburg (Frankrijk)', 'value': 754}, {'key': 'Laren', 'value': 738}, {'key': 'Loosdrecht', 'value': 735}, {'key': 'Deventer', 'value': 729}, {'key': 'Scheveningen', 'value': 710}, {'key': 'Verenigd Koninkrijk', 'value': 691}, {'key': 'Brugge', 'value': 677}, {'key': 'Jingdezhen', 'value': 653}, {'key': '? Noordelijke Nederlanden', 'value': 645}, {'key': 'Zaltbommel', 'value': 644}, {'key': '? Italië', 'value': 643}, {'key': 'Tsjechië', 'value': 640}, {'key': 'Gent', 'value': 608}, {'key': 'Moskou', 'value': 606}], 'name': 'place', 'otherTerms': 0, 'prettyName': 2}, {'facets': [{'key': 'papier', 'value': 597148}, {'key': 'fotodrager', 'value': 91572}, {'key': 'karton', 'value': 84734}, {'key': 'inkt', 'value': 48988}, {'key': 'potlood', 'value': 45036}, {'key': 'krijt', 'value': 30961}, {'key': 'barietpapier', 'value': 27060}, {'key': 'waterverf', 'value': 15242}, {'key': 'chine collé', 'value': 13701}, {'key': 'zilver', 'value': 11369}, {'key': 'linnen', 'value': 10192}, {'key': 'glas', 'value': 9973}, {'key': 'hout', 'value': 9535}, {'key': 'porselein', 'value': 8974}, {'key': 'koper', 'value': 8646}, {'key': 'glazuur', 'value': 7197}, {'key': 'zijde', 'value': 5405}, {'key': 'dekverf', 'value': 5250}, {'key': 'drukinkt', 'value': 5201}, {'key': 'olieverf', 'value': 5173}, {'key': 'goud', 'value': 5080}, {'key': 'Oost-Indische inkt', 'value': 4747}, {'key': 'aardewerk', 'value': 4608}, {'key': 'email', 'value': 4450}, {'key': 'PE-papier', 'value': 4240}, {'key': 'brons', 'value': 4050}, {'key': 'ijzer', 'value': 3931}, {'key': 'metaal', 'value': 3839}, {'key': 'messing', 'value': 3820}, {'key': 'leer', 'value': 3106}, {'key': 'katoen', 'value': 3097}, {'key': 'gelinieerd papier', 'value': 2962}, {'key': 'verf', 'value': 2779}, {'key': 'Japans papier', 'value': 2627}, {'key': 'doek', 'value': 2615}, {'key': 'textiel', 'value': 2396}, {'key': 'kobalt', 'value': 2317}, {'key': 'paneel', 'value': 1966}, {'key': 'faience', 'value': 1826}, {'key': 'geruit papier', 'value': 1790}, {'key': 'gouache (waterverf)', 'value': 1787}, {'key': 'eikenhout', 'value': 1633}, {'key': 'tinglazuur', 'value': 1583}, {'key': 'lood', 'value': 1559}, {'key': 'wol', 'value': 1489}, {'key': 'perkament', 'value': 1452}, {'key': 'tin', 'value': 1448}, {'key': 'grafiet', 'value': 1427}, {'key': 'steengoed', 'value': 1405}, {'key': 'transparant papier', 'value': 1397}, {'key': 'houtskool', 'value': 1394}, {'key': 'verguldsel', 'value': 1318}, {'key': 'fluweel', 'value': 1253}, {'key': 'ivoor', 'value': 1164}, {'key': 'calqueerpapier', 'value': 1090}, {'key': 'kant (materiaal)', 'value': 1087}, {'key': 'stijfselverf', 'value': 1030}, {'key': 'bladgoud', 'value': 967}, {'key': 'pen (veer)', 'value': 941}, {'key': 'kunststof', 'value': 878}, {'key': 'viltstift', 'value': 828}, {'key': 'geprepareerd papier', 'value': 827}, {'key': 'lak', 'value': 810}, {'key': 'notenhout', 'value': 758}, {'key': 'goudverf', 'value': 736}, {'key': 'Oosters papier', 'value': 723}, {'key': 'pâte', 'value': 719}, {'key': 'touw', 'value': 659}, {'key': 'plastic', 'value': 592}, {'key': 'ebbenhout', 'value': 576}, {'key': 'pijpaarde', 'value': 567}, {'key': 'pastelkrijt', 'value': 550}, {'key': 'krantenpapier', 'value': 548}, {'key': 'celluloid', 'value': 538}, {'key': 'fotografische film', 'value': 508}, {'key': 'inkjetinkt', 'value': 508}, {'key': 'parelmoer', 'value': 487}, {'key': 'satijn', 'value': 479}, {'key': 'marmer', 'value': 468}, {'key': 'tule', 'value': 462}, {'key': 'loodglazuur', 'value': 456}, {'key': 'cellulose nitraat', 'value': 453}, {'key': 'glas-in-lood', 'value': 446}, {'key': 'grisailleverf', 'value': 444}, {'key': 'kraakporselein', 'value': 436}, {'key': 'goudkleurig bladmetaal', 'value': 428}, {'key': 'mahoniehout', 'value': 428}, {'key': 'balpen', 'value': 410}, {'key': 'gouddraad', 'value': 407}, {'key': 'zink', 'value': 395}, {'key': 'steen (materiaal)', 'value': 379}, {'key': 'plakband', 'value': 371}, {'key': 'terracotta', 'value': 368}, {'key': 'been', 'value': 355}, {'key': 'zilverdraad', 'value': 336}, {'key': 'batist', 'value': 334}, {'key': 'rolfilm', 'value': 317}, {'key': 'staal', 'value': 315}, {'key': 'aluminium', 'value': 304}, {'key': 'marmerpapier', 'value': 299}], 'name': 'material', 'otherTerms': 0, 'prettyName': 5}, {'facets': [{'key': 'etsen', 'value': 190043}, {'key': 'graveren (drukprocedé)', 'value': 136972}, {'key': 'albuminedruk', 'value': 66464}, {'key': 'ontwikkelgelatinezilverdruk', 'value': 47375}, {'key': 'pen', 'value': 46269}, {'key': 'lithografie (techniek)', 'value': 45838}, {'key': 'boekdruk', 'value': 38043}, {'key': 'penseel', 'value': 35378}, {'key': 'houtsnede', 'value': 26477}, {'key': 'lichtdruk', 'value': 22786}, {'key': 'schrijven', 'value': 20771}, {'key': 'met de hand kleuren', 'value': 20547}, {'key': 'plaattoon', 'value': 16455}, {'key': 'slaan', 'value': 13882}, {'key': 'droge naald', 'value': 12821}, {'key': 'autotypie', 'value': 12802}, {'key': 'drukken', 'value': 11755}, {'key': 'houtgravure', 'value': 9601}, {'key': 'daglichtcollodiumzilverdruk', 'value': 9085}, {'key': 'stippelwerk', 'value': 8985}, {'key': 'fotografie', 'value': 8908}, {'key': 'kleurenlithografie (procedé)', 'value': 8410}, {'key': 'aquatint', 'value': 8253}, {'key': 'daglichtgelatinezilverdruk', 'value': 7992}, {'key': 'mezzotint', 'value': 7787}, {'key': 'plakken', 'value': 7360}, {'key': 'bakken', 'value': 7344}, {'key': 'glazuren', 'value': 7017}, {'key': 'vergulden', 'value': 6759}, {'key': 'schilderen', 'value': 6627}, {'key': 'draaiend bewerken', 'value': 6585}, {'key': 'offsetdrukken', 'value': 5508}, {'key': 'kleurenhoutsnede', 'value': 5300}, {'key': 'cliché', 'value': 5242}, {'key': 'Woodburytypie', 'value': 5186}, {'key': 'kleuren', 'value': 4930}, {'key': 'staalgravure', 'value': 4589}, {'key': 'toonlithografie', 'value': 4450}, {'key': 'heliogravure', 'value': 4139}, {'key': 'emailleren', 'value': 3967}, {'key': 'gieten', 'value': 3784}, {'key': 'schildertechniek', 'value': 3577}, {'key': 'weven', 'value': 3131}, {'key': 'vormen', 'value': 3001}, {'key': 'roulette', 'value': 2871}, {'key': 'snijden', 'value': 2457}, {'key': 'graveren (inkerven)', 'value': 2396}, {'key': 'tekenen', 'value': 2322}, {'key': 'stippelets', 'value': 2236}, {'key': 'Polaroid', 'value': 2201}, {'key': 'chromogene druk', 'value': 2200}, {'key': 'diapositief', 'value': 2133}, {'key': 'damast', 'value': 2114}, {'key': 'rotogravure', 'value': 1895}, {'key': 'zoutdruk', 'value': 1889}, {'key': 'kloskant', 'value': 1821}, {'key': 'borduren', 'value': 1698}, {'key': 'stippelgravure', 'value': 1673}, {'key': 'fotolithografie', 'value': 1646}, {'key': 'prenttekening', 'value': 1517}, {'key': 'linoleumsnede', 'value': 1444}, {'key': 'glasblazen', 'value': 1385}, {'key': 'machinale druk', 'value': 1370}, {'key': 'gelatinezilverdia', 'value': 1352}, {'key': 'cyanotypie', 'value': 1340}, {'key': 'daglichtpapierafdruk', 'value': 1303}, {'key': 'kleur op snee', 'value': 1263}, {'key': 'zeefdruk in kleur', 'value': 1211}, {'key': 'polychromie', 'value': 1126}, {'key': 'kooldruk', 'value': 1111}, {'key': 'blinddruk', 'value': 1106}, {'key': 'crayonmanier', 'value': 1093}, {'key': 'majolica', 'value': 1072}, {'key': 'Abklatsch', 'value': 1039}, {'key': 'stempelen', 'value': 1014}, {'key': 'kleurendruk', 'value': 1011}, {'key': 'knippen', 'value': 1004}, {'key': 'satijnbinding', 'value': 973}, {'key': 'blokdruk', 'value': 944}, {'key': 'lijncliché', 'value': 939}, {'key': 'vernis mou', 'value': 936}, {'key': 'zeefdrukken', 'value': 905}, {'key': 'inkjetdruk', 'value': 892}, {'key': 'pochoir', 'value': 891}, {'key': 'smeden', 'value': 881}, {'key': 'doezelen', 'value': 870}, {'key': 'matte daglichtcollodiumzilverdruk', 'value': 813}, {'key': 'gelatinezilvernegatief', 'value': 812}, {'key': 'kleurenautotypie', 'value': 808}, {'key': 'collage', 'value': 802}, {'key': 'pellenweefsel', 'value': 770}, {'key': 'clair-obscur-houtsnede', 'value': 756}, {'key': 'lakken', 'value': 728}, {'key': 'boekbinden', 'value': 725}, {'key': 'kant (techniek)', 'value': 711}, {'key': 'reliëf', 'value': 705}, {'key': 'naaldkant', 'value': 692}, {'key': 'Autochrome', 'value': 681}, {'key': 'à la poupée', 'value': 678}, {'key': 'perforeren', 'value': 661}], 'name': 'technique', 'otherTerms': 0, 'prettyName': 8}, {'facets': [{'key': ' #737C84', 'value': 61868}, {'key': '#FBF6E1', 'value': 47501}, {'key': ' #2F4F4F', 'value': 40948}, {'key': ' #E0CC91', 'value': 36717}, {'key': ' #FBF6E1', 'value': 22814}, {'key': ' #000000', 'value': 22740}, {'key': ' #B5BFCC', 'value': 13036}, {'key': '#737C84', 'value': 12158}, {'key': ' #B35A1F', 'value': 8497}, {'key': '#E0CC91', 'value': 8193}, {'key': ' #F6ECF3', 'value': 7691}, {'key': '#000000', 'value': 3302}, {'key': '#B5BFCC', 'value': 3068}, {'key': '#F6ECF3', 'value': 2046}, {'key': ' #981313', 'value': 1901}, {'key': ' #F49B7A', 'value': 1708}, {'key': '#2F4F4F', 'value': 1438}, {'key': ' #DDA5AA', 'value': 1068}, {'key': ' #E09714', 'value': 846}, {'key': '#B35A1F', 'value': 743}, {'key': ' #367614', 'value': 718}, {'key': ' #4019B1', 'value': 698}, {'key': ' #4279DB', 'value': 695}, {'key': ' #DE4153', 'value': 333}, {'key': ' #62AD77', 'value': 239}, {'key': ' #8268DC', 'value': 219}, {'key': ' #850085', 'value': 189}, {'key': '#981313', 'value': 186}, {'key': '#DDA5AA', 'value': 139}, {'key': ' #DF4C93', 'value': 117}, {'key': ' #FFEB00', 'value': 94}, {'key': '#4279DB', 'value': 75}], 'name': 'normalized32Colors.hex', 'otherTerms': 302472, 'prettyName': 9}]}</msg>
<arg>${response.json()}</arg>
<doc>Logs the given message with the given level.</doc>
<status status="PASS" start="2025-03-20T13:52:03.414995" elapsed="0.003305"/>
</kw>
<doc>Verify API returns a 200 response with only API key</doc>
<tag>smoke</tag>
<status status="PASS" start="2025-03-20T13:52:02.187179" elapsed="1.232191"/>
</test>
<test id="s1-t2" name="Test Pagination" line="37">
<kw name="Create Dictionary" owner="BuiltIn">
<msg time="2025-03-20T13:52:03.424120" level="INFO">${params} = {'key': '0fiuZFh4', 'p': '1', 'ps': '5'}</msg>
<var>${params}</var>
<arg>key=${API_KEY}</arg>
<arg>p=${PAGE}</arg>
<arg>ps=${PAGE_SIZE}</arg>
<doc>Creates and returns a dictionary based on the given ``items``.</doc>
<status status="PASS" start="2025-03-20T13:52:03.423460" elapsed="0.000721"/>
</kw>
<kw name="GET" owner="RequestsLibrary">
<msg time="2025-03-20T13:52:04.881004" level="INFO">GET Request : url=https://www.rijksmuseum.nl/api/nl/collection?key=0fiuZFh4&amp;p=1&amp;ps=5 
 path_url=/api/nl/collection?key=0fiuZFh4&amp;p=1&amp;ps=5 
 headers={'User-Agent': 'python-requests/2.32.3', 'Accept-Encoding': 'gzip, deflate', 'Accept': '*/*', 'Connection': 'keep-alive'} 
 body=None 
 </msg>
<msg time="2025-03-20T13:52:04.881200" level="INFO">GET Response : url=https://www.rijksmuseum.nl/api/nl/collection?key=0fiuZFh4&amp;p=1&amp;ps=5 
 status=200, reason=OK 
 headers={'Date': 'Thu, 20 Mar 2025 12:52:04 GMT', 'Content-Type': 'application/json; charset=utf-8', 'Transfer-Encoding': 'chunked', 'Connection': 'keep-alive', 'Content-Encoding': 'gzip', 'Vary': 'Accept-Encoding', 'Strict-Transport-Security': 'max-age=2592000', 'X-Powered-By': 'ASP.NET', 'x-azure-ref': '20250320T125203Z-15cb7c4fc9766rmbhC1PAR07m800000009r000000000a0bq', 'X-Cache': 'CONFIG_NOCACHE'} 
 body={"elapsedMilliseconds":0,"count":831864,"countFacets":{"hasimage":701948,"ondisplay":8742},"artObjects":[{"links":{"self":"http://www.rijksmuseum.nl/api/nl/collection/SK-A-3059","web":"http://www.rijksmuseum.nl/nl/collectie/SK-A-3059"},"id":"nl-SK-A-3059","objectNumber":"SK-A-3059","title":"Het zieke kind","hasImage":true,"principalOrFirstMaker":"Gabriël Metsu","longTitle":"Het zieke kind, Gabriël Metsu, ca. 1664 - ca. 1666","showImage":true,"permitDownload":true,"webImage":{"guid":"2dd9705f-bdf0-4304-a8f7-02589edf81d6","offsetPercentageX":0,"offsetPercentageY":0,"width":4443,"height":5479,"url":"https://lh3.googleusercontent.com/SCp0xV3Rwxh3ipnuSnbEQR_uGrHlsvHXlLD-5kVSjAE7WPWiribDB77_LcJETu4EydCC_jMuhsgjz4maHzY_t-xeiw=s0"},"headerImage":{"guid":"fca95581-cccc-4adf-9104-ad16f2908329","offsetPercentageX":0,"offsetPercentageY":0,"width":1920,"height":460,"url":"https://lh3.googleusercontent.com/DPf2gg2g_QYo5j3G2fAXzCC_li5wvQ50VPlciWc6-9VbVmYiQdLL1klUg98u0Pnxbpc3eQIbR1L7t5Dw7bLY7nKtRNQ=s0"},"productionPlaces":[]},{"links":{"self":"http://www.rijksmuseum.nl/api/nl/collection/SK-A-3948","web":"http://www.rijksmuseum.nl/nl/collectie/SK-A-3948"},"id":"nl-SK-A-3948","objectNumber":"SK-A-3948","title":"Portret van een lid van de familie Van der Mersch","hasImage":true,"principalOrFirstMaker":"Cornelis Troost","longTitle":"Portret van een lid van de familie Van der Mersch, Cornelis Troost, 1736","showImage":true,"permitDownload":true,"webImage":{"guid":"c2ac9347-7d7a-4148-ac21-152e6b29d0f5","offsetPercentageX":0,"offsetPercentageY":0,"width":2786,"height":3522,"url":"https://lh5.ggpht.com/5cC5A43gL66dAluLm3_Mp0NiZ7v6BZxwnD--37cz3fvjV087nF1NvkOjnlWs5KqnvgVtd1pcR-JcqkTCk8YKhWr_W3j8=s0"},"headerImage":{"guid":"03fe8b83-69a2-42b0-911e-13dd6cee8757","offsetPercentageX":0,"offsetPercentageY":0,"width":1920,"height":460,"url":"https://lh5.ggpht.com/9WNL5KBUf9yw9ASqNMgnMW4olwz_FLkcsPnCncQ0DFBFlbYsWthyKg8jSgFG2Oh7peyHz08kiBsdyhNO7HVixIihXw=s0"},"productionPlaces":["Noordelijke Nederlanden"]},{"links":{"self":"http://www.rijksmuseum.nl/api/nl/collection/SK-A-4830","web":"http://www.rijksmuseum.nl/nl/collectie/SK-A-4830"},"id":"nl-SK-A-4830","objectNumber":"SK-A-4830","title":"Stilleven met vergulde bokaal","hasImage":true,"principalOrFirstMaker":"Willem Claesz. Heda","longTitle":"Stilleven met vergulde bokaal, Willem Claesz. Heda, 1635","showImage":true,"permitDownload":true,"webImage":{"guid":"958cbf50-5232-4378-a410-7d9573dfb718","offsetPercentageX":0,"offsetPercentageY":0,"width":5772,"height":4481,"url":"https://lh3.googleusercontent.com/mZj-trnVh6jeUDsl1o0a3xNXPat_UOZtKecS4LaZdTLcNoIqtd_yf6beJKCUVzk3NT5SSFeQ-hOzJEOOSV9sg8dHE6VjFjUrGfxwe5Sg=s0"},"headerImage":{"guid":"d5db3a03-3d6e-4700-a1cb-c737887a6923","offsetPercentageX":0,"offsetPercentageY":0,"width":1920,"height":460,"url":"https://lh3.googleusercontent.com/oY8pcdQahKwdBj_TFoV1UPUFkjY-XQZ5LcPb7Y2Aqexsg5g8h0A6bSWC9qpl-HbS46mX_5C51Du7bRATwQVdMPW0SBE3aDQALUZhCA8=s0"},"productionPlaces":[]},{"links":{"self":"http://www.rijksmuseum.nl/api/nl/collection/SK-A-1451","web":"http://www.rijksmuseum.nl/nl/collectie/SK-A-1451"},"id":"nl-SK-A-1451","objectNumber":"SK-A-1451","title":"De welvoorziene keuken","hasImage":true,"principalOrFirstMaker":"Joachim Bueckelaer","longTitle":"De welvoorziene keuken, Joachim Bueckelaer, 1566","showImage":true,"permitDownload":true,"webImage":{"guid":"1d39e4da-6b58-4a58-ae4f-792d3099c7af","offsetPercentageX":0,"offsetPercentageY":0,"width":5958,"height":4063,"url":"https://lh3.googleusercontent.com/SjuKgVllMl-wQ9sRUXch29gQpNg2NDiNSRsPGft0CzbGOIFwZktLNz7_689URZOGxOHFO76B722WD1RibHoBdOm7csga=s0"},"headerImage":{"guid":"a47ecd80-c883-456b-80ef-ab248766b9f4","offsetPercentageX":0,"offsetPercentageY":0,"width":1920,"height":460,"url":"https://lh3.googleusercontent.com/yUbyE1Wy6ZaLrcHG-HYe1fshg4nTV_gAmT523Hj4CWvgr51LWGO0kmArD4WaUvK9fmvuKoRuNP0s3ke_ZWtglf-Kvzpk=s0"},"productionPlaces":["Antwerpen (stad)"]},{"links":{"self":"http://www.rijksmuseum.nl/api/nl/collection/SK-A-3841","web":"http://www.rijksmuseum.nl/nl/collectie/SK-A-3841"},"id":"nl-SK-A-3841","objectNumber":"SK-A-3841","title":"De dans om het gouden kalf","hasImage":true,"principalOrFirstMaker":"Lucas van Leyden","longTitle":"De dans om het gouden kalf, Lucas van Leyden, ca. 1530","showImage":true,"permitDownload":true,"webImage":{"guid":"d355c71e-804c-4f01-8449-361a1c68053c","offsetPercentageX":0,"offsetPercentageY":0,"width":6001,"height":4573,"url":"https://lh3.googleusercontent.com/BhqE25cpBVQ8tZUZFsWs4W-cf6LRU0fFtUcC7k24OOjW5en5xJ7mNSfIZQKJZncp7M1B6f6PJrbr0H0MivzQzw_fXJU=s0"},"headerImage":{"guid":"451bc6d0-f740-4dd9-8672-fd71b1c9a999","offsetPercentageX":0,"offsetPercentageY":0,"width":1920,"height":460,"url":"https://lh3.googleusercontent.com/bGpwUdwA70gOHVDGXassviRjbFs1QHOgZG7bc3b7HAzf7h3v8B659aEb2t0lsUQWnQRaWA_ajV7eGLcAdwWztA4Qcac=s0"},"productionPlaces":["Leiden"]}],"facets":[{"facets":[{"key":"Ed van der Elsken","value":8176},{"key":"George Hendrik Breitner","value":5582},{"key":"Jan Luyken","value":5005},{"key":"Reinier Vinkeles (I)","value":4700},{"key":"Marius Bauer","value":3411},{"key":"Aat Veldhoen","value":2867},{"key":"Isaac Israels","value":2866},{"key":"Willem Witsen","value":2680},{"key":"Johannes Tavenraat","value":2658},{"key":"Daniel Nikolaus Chodowiecki","value":2492},{"key":"Bernard Picart","value":2441},{"key":"Johan Braakensiek","value":2413},{"key":"Vincent Samuel Mentzel","value":2363},{"key":"Jacob Houbraken","value":2105},{"key":"anoniem (Monumentenzorg)","value":2045},{"key":"Antonio Tempesta","value":1922},{"key":"Henk Pander","value":1804},{"key":"Carel Adolph Lion Cachet","value":1795},{"key":"Simon Fokke","value":1626},{"key":"Rembrandt van Rijn","value":1553},{"key":"Romeyn de Hooghe","value":1367},{"key":"Norbert van den Berg (1901-1972)","value":1361},{"key":"Philips Galle","value":1318},{"key":"Richard Nicolaüs Roland Holst","value":1295},{"key":"Leo Gestel","value":1249},{"key":"Sébastien Leclerc (I)","value":1244},{"key":"Jan Veth","value":1230},{"key":"Meissener Porzellan Manufaktur","value":1229},{"key":"Gerrit Willem Dijsselhof","value":1202},{"key":"Jozef Israëls","value":1193},{"key":"Willem Diepraam","value":1187},{"key":"Johan Michaël Schmidt Crans","value":1178},{"key":"Wenceslaus Hollar","value":1153},{"key":"Nicolaas Wijnberg","value":1152},{"key":"Crispijn van de Passe (I)","value":1142},{"key":"Frans Hogenberg","value":1134},{"key":"Jacques de Gheyn (II)","value":1119},{"key":"Peter Vos","value":1100},{"key":"Hendrik Spilman","value":1060},{"key":"Gaspard Louis François van Kinschot","value":1059},{"key":"Stefano della Bella","value":1025},{"key":"Caspar Luyken","value":1020},{"key":"Jeanne Bieruma Oosting","value":1006},{"key":"Michel Wolgemut","value":1002},{"key":"Hendrick Goltzius","value":999},{"key":"Adriaen Collaert","value":986},{"key":"Anton Mauve","value":984},{"key":"Johann Sadeler (I)","value":976},{"key":"Pieter Schenk (I)","value":974},{"key":"diverse vervaardigers","value":967},{"key":"Hendrik Herman van den Berg","value":960},{"key":"Reinier Willem Petrus de Vries (1874-1953)","value":960},{"key":"Virgilius Solis","value":960},{"key":"Jacques Callot","value":944},{"key":"Jan van de Velde (II)","value":915},{"key":"Cornelis Vreedenburgh","value":913},{"key":"Carel Nicolaas Storm van 's-Gravesande","value":890},{"key":"Christoffel van Sichem (II)","value":880},{"key":"August Allebé","value":860},{"key":"veuve Delpech (Naudet)","value":857},{"key":"Abraham Rademaker","value":850},{"key":"Anselmus Boëtius de Boodt","value":835},{"key":"Jan Caspar Philips","value":832},{"key":"Theo van Hoytema","value":824},{"key":"Israël Silvestre","value":822},{"key":"Georg Rueter","value":817},{"key":"Johannes of Lucas van Doetechum","value":800},{"key":"Reijer Stolk","value":783},{"key":"Willem Cornelis Rip","value":778},{"key":"Eva Charlotte Pennink-Boelen","value":767},{"key":"Simon Frisius","value":765},{"key":"Hendrik Doijer","value":745},{"key":"Giorgio Sommer","value":737},{"key":"Martin Bernigeroth","value":731},{"key":"Jacob Ernst Marcus","value":730},{"key":"Carel Christiaan Antony Last","value":713},{"key":"Manufactuur Oud-Loosdrecht","value":713},{"key":"Claude Mellan","value":710},{"key":"Crispijn van de Passe (II)","value":709},{"key":"Albert Greiner","value":703},{"key":"Charles Donker","value":698},{"key":"Jan Punt","value":698},{"key":"Pam Georg Rueter","value":692},{"key":"Henry Pauw van Wieldrecht","value":658},{"key":"Hieronymus Wierix","value":657},{"key":"Giovanni Battista Piranesi","value":648},{"key":"Jean Lepautre","value":648},{"key":"Karel Wetselaar","value":646},{"key":"Fratelli Alinari","value":643},{"key":"Pieter Tanjé","value":636},{"key":"Anthonie van den Bos","value":635},{"key":"Claes Jansz. Visscher (II)","value":635},{"key":"Delizy","value":629},{"key":"Johannes Wierix","value":629},{"key":"Pieter Oosterhuis","value":627},{"key":"Neue Photographische Gesellschaft","value":625},{"key":"Antoon Derkinderen","value":619},{"key":"Johannes Josephus Aarts","value":619},{"key":"Geldolph Adriaan Kessler (Dolph)","value":613},{"key":"Woodbury &amp; Page","value":608}],"name":"principalMaker","otherTerms":827835,"prettyName":10},{"facets":[{"key":"prent","value":365070},{"key":"foto","value":136666},{"key":"albumblad","value":60120},{"key":"tekening","value":56279},{"key":"fotomechanische afdruk","value":48086},{"key":"bladzijde","value":48065},{"key":"boekillustratie","value":37840},{"key":"schetsboekblad","value":35620},{"key":"reproductie","value":18337},{"key":"carte-de-visite","value":17863},{"key":"prentbriefkaart","value":15423},{"key":"ornamentprent","value":13907},{"key":"ex libris","value":11843},{"key":"brief","value":11385},{"key":"stereofoto","value":10728},{"key":"spotprent","value":9240},{"key":"volksprent","value":8995},{"key":"affiche","value":8558},{"key":"modeprent","value":6097},{"key":"historiepenning","value":5846},{"key":"historieprent","value":5430},{"key":"ontwerp","value":5188},{"key":"kaart",... (set the log level to DEBUG or TRACE to see the full content) 
 </msg>
<msg time="2025-03-20T13:52:04.881663" level="INFO">${response} = &lt;Response [200]&gt;</msg>
<var>${response}</var>
<arg>${BASE_URL}</arg>
<arg>params=${params}</arg>
<doc>Sends a GET request.</doc>
<status status="PASS" start="2025-03-20T13:52:03.424965" elapsed="1.456766"/>
</kw>
<kw name="Should Be Equal As Numbers" owner="BuiltIn">
<msg time="2025-03-20T13:52:04.883676" level="INFO">Argument types are:
&lt;class 'int'&gt;
&lt;class 'str'&gt;</msg>
<arg>${response.status_code}</arg>
<arg>200</arg>
<doc>Fails if objects are unequal after converting them to real numbers.</doc>
<status status="PASS" start="2025-03-20T13:52:04.882946" elapsed="0.000838"/>
</kw>
<kw name="Log" owner="BuiltIn">
<msg time="2025-03-20T13:52:04.886662" level="INFO">{'elapsedMilliseconds': 0, 'count': 831864, 'countFacets': {'hasimage': 701948, 'ondisplay': 8742}, 'artObjects': [{'links': {'self': 'http://www.rijksmuseum.nl/api/nl/collection/SK-A-3059', 'web': 'http://www.rijksmuseum.nl/nl/collectie/SK-A-3059'}, 'id': 'nl-SK-A-3059', 'objectNumber': 'SK-A-3059', 'title': 'Het zieke kind', 'hasImage': True, 'principalOrFirstMaker': 'Gabriël Metsu', 'longTitle': 'Het zieke kind, Gabriël Metsu, ca. 1664 - ca. 1666', 'showImage': True, 'permitDownload': True, 'webImage': {'guid': '2dd9705f-bdf0-4304-a8f7-02589edf81d6', 'offsetPercentageX': 0, 'offsetPercentageY': 0, 'width': 4443, 'height': 5479, 'url': 'https://lh3.googleusercontent.com/SCp0xV3Rwxh3ipnuSnbEQR_uGrHlsvHXlLD-5kVSjAE7WPWiribDB77_LcJETu4EydCC_jMuhsgjz4maHzY_t-xeiw=s0'}, 'headerImage': {'guid': 'fca95581-cccc-4adf-9104-ad16f2908329', 'offsetPercentageX': 0, 'offsetPercentageY': 0, 'width': 1920, 'height': 460, 'url': 'https://lh3.googleusercontent.com/DPf2gg2g_QYo5j3G2fAXzCC_li5wvQ50VPlciWc6-9VbVmYiQdLL1klUg98u0Pnxbpc3eQIbR1L7t5Dw7bLY7nKtRNQ=s0'}, 'productionPlaces': []}, {'links': {'self': 'http://www.rijksmuseum.nl/api/nl/collection/SK-A-3948', 'web': 'http://www.rijksmuseum.nl/nl/collectie/SK-A-3948'}, 'id': 'nl-SK-A-3948', 'objectNumber': 'SK-A-3948', 'title': 'Portret van een lid van de familie Van der Mersch', 'hasImage': True, 'principalOrFirstMaker': 'Cornelis Troost', 'longTitle': 'Portret van een lid van de familie Van der Mersch, Cornelis Troost, 1736', 'showImage': True, 'permitDownload': True, 'webImage': {'guid': 'c2ac9347-7d7a-4148-ac21-152e6b29d0f5', 'offsetPercentageX': 0, 'offsetPercentageY': 0, 'width': 2786, 'height': 3522, 'url': 'https://lh5.ggpht.com/5cC5A43gL66dAluLm3_Mp0NiZ7v6BZxwnD--37cz3fvjV087nF1NvkOjnlWs5KqnvgVtd1pcR-JcqkTCk8YKhWr_W3j8=s0'}, 'headerImage': {'guid': '03fe8b83-69a2-42b0-911e-13dd6cee8757', 'offsetPercentageX': 0, 'offsetPercentageY': 0, 'width': 1920, 'height': 460, 'url': 'https://lh5.ggpht.com/9WNL5KBUf9yw9ASqNMgnMW4olwz_FLkcsPnCncQ0DFBFlbYsWthyKg8jSgFG2Oh7peyHz08kiBsdyhNO7HVixIihXw=s0'}, 'productionPlaces': ['Noordelijke Nederlanden']}, {'links': {'self': 'http://www.rijksmuseum.nl/api/nl/collection/SK-A-4830', 'web': 'http://www.rijksmuseum.nl/nl/collectie/SK-A-4830'}, 'id': 'nl-SK-A-4830', 'objectNumber': 'SK-A-4830', 'title': 'Stilleven met vergulde bokaal', 'hasImage': True, 'principalOrFirstMaker': 'Willem Claesz. Heda', 'longTitle': 'Stilleven met vergulde bokaal, Willem Claesz. Heda, 1635', 'showImage': True, 'permitDownload': True, 'webImage': {'guid': '958cbf50-5232-4378-a410-7d9573dfb718', 'offsetPercentageX': 0, 'offsetPercentageY': 0, 'width': 5772, 'height': 4481, 'url': 'https://lh3.googleusercontent.com/mZj-trnVh6jeUDsl1o0a3xNXPat_UOZtKecS4LaZdTLcNoIqtd_yf6beJKCUVzk3NT5SSFeQ-hOzJEOOSV9sg8dHE6VjFjUrGfxwe5Sg=s0'}, 'headerImage': {'guid': 'd5db3a03-3d6e-4700-a1cb-c737887a6923', 'offsetPercentageX': 0, 'offsetPercentageY': 0, 'width': 1920, 'height': 460, 'url': 'https://lh3.googleusercontent.com/oY8pcdQahKwdBj_TFoV1UPUFkjY-XQZ5LcPb7Y2Aqexsg5g8h0A6bSWC9qpl-HbS46mX_5C51Du7bRATwQVdMPW0SBE3aDQALUZhCA8=s0'}, 'productionPlaces': []}, {'links': {'self': 'http://www.rijksmuseum.nl/api/nl/collection/SK-A-1451', 'web': 'http://www.rijksmuseum.nl/nl/collectie/SK-A-1451'}, 'id': 'nl-SK-A-1451', 'objectNumber': 'SK-A-1451', 'title': 'De welvoorziene keuken', 'hasImage': True, 'principalOrFirstMaker': 'Joachim Bueckelaer', 'longTitle': 'De welvoorziene keuken, Joachim Bueckelaer, 1566', 'showImage': True, 'permitDownload': True, 'webImage': {'guid': '1d39e4da-6b58-4a58-ae4f-792d3099c7af', 'offsetPercentageX': 0, 'offsetPercentageY': 0, 'width': 5958, 'height': 4063, 'url': 'https://lh3.googleusercontent.com/SjuKgVllMl-wQ9sRUXch29gQpNg2NDiNSRsPGft0CzbGOIFwZktLNz7_689URZOGxOHFO76B722WD1RibHoBdOm7csga=s0'}, 'headerImage': {'guid': 'a47ecd80-c883-456b-80ef-ab248766b9f4', 'offsetPercentageX': 0, 'offsetPercentageY': 0, 'width': 1920, 'height': 460, 'url': 'https://lh3.googleusercontent.com/yUbyE1Wy6ZaLrcHG-HYe1fshg4nTV_gAmT523Hj4CWvgr51LWGO0kmArD4WaUvK9fmvuKoRuNP0s3ke_ZWtglf-Kvzpk=s0'}, 'productionPlaces': ['Antwerpen (stad)']}, {'links': {'self': 'http://www.rijksmuseum.nl/api/nl/collection/SK-A-3841', 'web': 'http://www.rijksmuseum.nl/nl/collectie/SK-A-3841'}, 'id': 'nl-SK-A-3841', 'objectNumber': 'SK-A-3841', 'title': 'De dans om het gouden kalf', 'hasImage': True, 'principalOrFirstMaker': 'Lucas van Leyden', 'longTitle': 'De dans om het gouden kalf, Lucas van Leyden, ca. 1530', 'showImage': True, 'permitDownload': True, 'webImage': {'guid': 'd355c71e-804c-4f01-8449-361a1c68053c', 'offsetPercentageX': 0, 'offsetPercentageY': 0, 'width': 6001, 'height': 4573, 'url': 'https://lh3.googleusercontent.com/BhqE25cpBVQ8tZUZFsWs4W-cf6LRU0fFtUcC7k24OOjW5en5xJ7mNSfIZQKJZncp7M1B6f6PJrbr0H0MivzQzw_fXJU=s0'}, 'headerImage': {'guid': '451bc6d0-f740-4dd9-8672-fd71b1c9a999', 'offsetPercentageX': 0, 'offsetPercentageY': 0, 'width': 1920, 'height': 460, 'url': 'https://lh3.googleusercontent.com/bGpwUdwA70gOHVDGXassviRjbFs1QHOgZG7bc3b7HAzf7h3v8B659aEb2t0lsUQWnQRaWA_ajV7eGLcAdwWztA4Qcac=s0'}, 'productionPlaces': ['Leiden']}], 'facets': [{'facets': [{'key': 'Ed van der Elsken', 'value': 8176}, {'key': 'George Hendrik Breitner', 'value': 5582}, {'key': 'Jan Luyken', 'value': 5005}, {'key': 'Reinier Vinkeles (I)', 'value': 4700}, {'key': 'Marius Bauer', 'value': 3411}, {'key': 'Aat Veldhoen', 'value': 2867}, {'key': 'Isaac Israels', 'value': 2866}, {'key': 'Willem Witsen', 'value': 2680}, {'key': 'Johannes Tavenraat', 'value': 2658}, {'key': 'Daniel Nikolaus Chodowiecki', 'value': 2492}, {'key': 'Bernard Picart', 'value': 2441}, {'key': 'Johan Braakensiek', 'value': 2413}, {'key': 'Vincent Samuel Mentzel', 'value': 2363}, {'key': 'Jacob Houbraken', 'value': 2105}, {'key': 'anoniem (Monumentenzorg)', 'value': 2045}, {'key': 'Antonio Tempesta', 'value': 1922}, {'key': 'Henk Pander', 'value': 1804}, {'key': 'Carel Adolph Lion Cachet', 'value': 1795}, {'key': 'Simon Fokke', 'value': 1626}, {'key': 'Rembrandt van Rijn', 'value': 1553}, {'key': 'Romeyn de Hooghe', 'value': 1367}, {'key': 'Norbert van den Berg (1901-1972)', 'value': 1361}, {'key': 'Philips Galle', 'value': 1318}, {'key': 'Richard Nicolaüs Roland Holst', 'value': 1295}, {'key': 'Leo Gestel', 'value': 1249}, {'key': 'Sébastien Leclerc (I)', 'value': 1244}, {'key': 'Jan Veth', 'value': 1230}, {'key': 'Meissener Porzellan Manufaktur', 'value': 1229}, {'key': 'Gerrit Willem Dijsselhof', 'value': 1202}, {'key': 'Jozef Israëls', 'value': 1193}, {'key': 'Willem Diepraam', 'value': 1187}, {'key': 'Johan Michaël Schmidt Crans', 'value': 1178}, {'key': 'Wenceslaus Hollar', 'value': 1153}, {'key': 'Nicolaas Wijnberg', 'value': 1152}, {'key': 'Crispijn van de Passe (I)', 'value': 1142}, {'key': 'Frans Hogenberg', 'value': 1134}, {'key': 'Jacques de Gheyn (II)', 'value': 1119}, {'key': 'Peter Vos', 'value': 1100}, {'key': 'Hendrik Spilman', 'value': 1060}, {'key': 'Gaspard Louis François van Kinschot', 'value': 1059}, {'key': 'Stefano della Bella', 'value': 1025}, {'key': 'Caspar Luyken', 'value': 1020}, {'key': 'Jeanne Bieruma Oosting', 'value': 1006}, {'key': 'Michel Wolgemut', 'value': 1002}, {'key': 'Hendrick Goltzius', 'value': 999}, {'key': 'Adriaen Collaert', 'value': 986}, {'key': 'Anton Mauve', 'value': 984}, {'key': 'Johann Sadeler (I)', 'value': 976}, {'key': 'Pieter Schenk (I)', 'value': 974}, {'key': 'diverse vervaardigers', 'value': 967}, {'key': 'Hendrik Herman van den Berg', 'value': 960}, {'key': 'Reinier Willem Petrus de Vries (1874-1953)', 'value': 960}, {'key': 'Virgilius Solis', 'value': 960}, {'key': 'Jacques Callot', 'value': 944}, {'key': 'Jan van de Velde (II)', 'value': 915}, {'key': 'Cornelis Vreedenburgh', 'value': 913}, {'key': "Carel Nicolaas Storm van 's-Gravesande", 'value': 890}, {'key': 'Christoffel van Sichem (II)', 'value': 880}, {'key': 'August Allebé', 'value': 860}, {'key': 'veuve Delpech (Naudet)', 'value': 857}, {'key': 'Abraham Rademaker', 'value': 850}, {'key': 'Anselmus Boëtius de Boodt', 'value': 835}, {'key': 'Jan Caspar Philips', 'value': 832}, {'key': 'Theo van Hoytema', 'value': 824}, {'key': 'Israël Silvestre', 'value': 822}, {'key': 'Georg Rueter', 'value': 817}, {'key': 'Johannes of Lucas van Doetechum', 'value': 800}, {'key': 'Reijer Stolk', 'value': 783}, {'key': 'Willem Cornelis Rip', 'value': 778}, {'key': 'Eva Charlotte Pennink-Boelen', 'value': 767}, {'key': 'Simon Frisius', 'value': 765}, {'key': 'Hendrik Doijer', 'value': 745}, {'key': 'Giorgio Sommer', 'value': 737}, {'key': 'Martin Bernigeroth', 'value': 731}, {'key': 'Jacob Ernst Marcus', 'value': 730}, {'key': 'Carel Christiaan Antony Last', 'value': 713}, {'key': 'Manufactuur Oud-Loosdrecht', 'value': 713}, {'key': 'Claude Mellan', 'value': 710}, {'key': 'Crispijn van de Passe (II)', 'value': 709}, {'key': 'Albert Greiner', 'value': 703}, {'key': 'Charles Donker', 'value': 698}, {'key': 'Jan Punt', 'value': 698}, {'key': 'Pam Georg Rueter', 'value': 692}, {'key': 'Henry Pauw van Wieldrecht', 'value': 658}, {'key': 'Hieronymus Wierix', 'value': 657}, {'key': 'Giovanni Battista Piranesi', 'value': 648}, {'key': 'Jean Lepautre', 'value': 648}, {'key': 'Karel Wetselaar', 'value': 646}, {'key': 'Fratelli Alinari', 'value': 643}, {'key': 'Pieter Tanjé', 'value': 636}, {'key': 'Anthonie van den Bos', 'value': 635}, {'key': 'Claes Jansz. Visscher (II)', 'value': 635}, {'key': 'Delizy', 'value': 629}, {'key': 'Johannes Wierix', 'value': 629}, {'key': 'Pieter Oosterhuis', 'value': 627}, {'key': 'Neue Photographische Gesellschaft', 'value': 625}, {'key': 'Antoon Derkinderen', 'value': 619}, {'key': 'Johannes Josephus Aarts', 'value': 619}, {'key': 'Geldolph Adriaan Kessler (Dolph)', 'value': 613}, {'key': 'Woodbury &amp; Page', 'value': 608}], 'name': 'principalMaker', 'otherTerms': 827835, 'prettyName': 10}, {'facets': [{'key': 'prent', 'value': 365070}, {'key': 'foto', 'value': 136666}, {'key': 'albumblad', 'value': 60120}, {'key': 'tekening', 'value': 56279}, {'key': 'fotomechanische afdruk', 'value': 48086}, {'key': 'bladzijde', 'value': 48065}, {'key': 'boekillustratie', 'value': 37840}, {'key': 'schetsboekblad', 'value': 35620}, {'key': 'reproductie', 'value': 18337}, {'key': 'carte-de-visite', 'value': 17863}, {'key': 'prentbriefkaart', 'value': 15423}, {'key': 'ornamentprent', 'value': 13907}, {'key': 'ex libris', 'value': 11843}, {'key': 'brief', 'value': 11385}, {'key': 'stereofoto', 'value': 10728}, {'key': 'spotprent', 'value': 9240}, {'key': 'volksprent', 'value': 8995}, {'key': 'affiche', 'value': 8558}, {'key': 'modeprent', 'value': 6097}, {'key': 'historiepenning', 'value': 5846}, {'key': 'historieprent', 'value': 5430}, {'key': 'ontwerp', 'value': 5188}, {'key': 'kaart', 'value': 5137}, {'key': 'kabinetfoto', 'value': 4924}, {'key': 'schilderij', 'value': 4853}, {'key': 'digitaal bestand', 'value': 4816}, {'key': 'boek', 'value': 4615}, {'key': 'munt', 'value': 4576}, {'key': 'titelpagina', 'value': 4487}, {'key': 'tekstblad', 'value': 3945}, {'key': 'aquarel', 'value': 3777}, {'key': 'boekillustratie (ontwerp)', 'value': 3630}, {'key': 'documentaire foto', 'value': 3393}, {'key': 'nieuwsprent', 'value': 2977}, {'key': 'dameskleding', 'value': 2777}, {'key': 'direct-klaar foto', 'value': 2731}, {'key': 'briefkaart', 'value': 2706}, {'key': 'kostuumprent', 'value': 2597}, {'key': 'titelprent', 'value': 2593}, {'key': 'fragment', 'value': 2526}, {'key': 'schotel', 'value': 2491}, {'key': 'servet', 'value': 2392}, {'key': 'nieuwjaarswens', 'value': 2358}, {'key': 'bord (vaatwerk)', 'value': 2250}, {'key': 'plattegrond', 'value': 2084}, {'key': 'miniatuur (poppenhuisgoed)', 'value': 2037}, {'key': 'rekenpenning', 'value': 1994}, {'key': 'omslag', 'value': 1847}, {'key': 'strook', 'value': 1847}, {'key': 'tijdschrift', 'value': 1818}, {'key': 'beeldhouwwerk', 'value': 1677}, {'key': 'scherf', 'value': 1590}, {'key': 'schilderijlijst', 'value': 1566}, {'key': 'lantaarnplaatje (fotografisch)', 'value': 1466}, {'key': 'lijst', 'value': 1401}, {'key': 'kleding', 'value': 1394}, {'key': 'meubilair', 'value': 1385}, {'key': 'penning', 'value': 1370}, {'key': 'deksel', 'value': 1353}, {'key': 'negatief', 'value': 1336}, {'key': 'handschrift', 'value': 1327}, {'key': 'ontwerptekening', 'value': 1313}, {'key': 'kop', 'value': 1296}, {'key': 'kalenderblad', 'value': 1288}, {'key': 'bovenkleding', 'value': 1175}, {'key': 'fotoalbum', 'value': 1121}, {'key': 'opticaprent', 'value': 1068}, {'key': 'vaas', 'value': 1028}, {'key': 'kom', 'value': 1016}, {'key': 'eet- en drinkgerei', 'value': 1009}, {'key': 'doos', 'value': 970}, {'key': 'glasdia', 'value': 956}, {'key': 'glasnegatief', 'value': 936}, {'key': 'stereoglasdia', 'value': 925}, {'key': 'kop-en-schotel', 'value': 909}, {'key': 'tegel', 'value': 906}, {'key': 'schetsboek', 'value': 902}, {'key': 'surimono', 'value': 846}, {'key': 'sitspapier', 'value': 839}, {'key': 'schutblad', 'value': 815}, {'key': 'bouwfragment', 'value': 806}, {'key': 'herenkleding', 'value': 792}, {'key': 'servies', 'value': 753}, {'key': 'stereofoto (tissue)', 'value': 747}, {'key': 'gildepenning', 'value': 744}, {'key': 'collage', 'value': 732}, {'key': 'document', 'value': 724}, {'key': 'muziekinstrument', 'value': 720}, {'key': 'boekband (ontwerp)', 'value': 696}, {'key': 'uitnodiging', 'value': 686}, {'key': 'kinderkleding', 'value': 683}, {'key': 'stoel', 'value': 662}, {'key': 'krantenknipsel', 'value': 656}, {'key': 'beeld', 'value': 646}, {'key': 'miniatuur', 'value': 632}, {'key': 'schaal', 'value': 629}, {'key': 'historisch objectvoorstelling', 'value': 621}, {'key': 'fotomechanisch procedé', 'value': 604}, {'key': 'kerstkaart', 'value': 602}, {'key': 'pot', 'value': 602}], 'name': 'type', 'otherTerms': 0, 'prettyName': 3}, {'facets': [{'key': '19', 'value': 311938}, {'key': '20', 'value': 183811}, {'key': '18', 'value': 136087}, {'key': '17', 'value': 129173}, {'key': '16', 'value': 49400}, {'key': '21', 'value': 11287}, {'key': '15', 'value': 5369}, {'key': '14', 'value': 1985}, {'key': '-2', 'value': 1182}, {'key': '13', 'value': 405}, {'key': '12', 'value': 389}, {'key': '-1', 'value': 160}, {'key': '10', 'value': 138}, {'key': '11', 'value': 122}, {'key': '9', 'value': 111}, {'key': '7', 'value': 63}, {'key': '8', 'value': 53}, {'key': '3', 'value': 47}, {'key': '2', 'value': 36}, {'key': '6', 'value': 36}, {'key': '5', 'value': 29}, {'key': '1', 'value': 25}, {'key': '4', 'value': 18}], 'name': 'dating.period', 'otherTerms': 0, 'prettyName': 4}, {'facets': [{'key': 'Amsterdam', 'value': 109062}, {'key': 'Nederland', 'value': 70803}, {'key': 'Parijs', 'value': 54510}, {'key': 'Den Haag', 'value': 24647}, {'key': 'Frankrijk', 'value': 22318}, {'key': 'Antwerpen (stad)', 'value': 19707}, {'key': 'Noordelijke Nederlanden', 'value': 18048}, {'key': 'Londen', 'value': 16251}, {'key': 'Italië', 'value': 15826}, {'key': 'Haarlem', 'value': 11488}, {'key': 'Rome', 'value': 10701}, {'key': 'Duitsland', 'value': 9580}, {'key': 'Berlijn', 'value': 9235}, {'key': 'Japan', 'value': 8875}, {'key': 'Leiden', 'value': 8449}, {'key': 'Brussel (stad)', 'value': 7842}, {'key': 'Utrecht', 'value': 7822}, {'key': 'Rotterdam', 'value': 6995}, {'key': 'Neurenberg', 'value': 6396}, {'key': '? Nederland', 'value': 4663}, {'key': 'Lage Landen', 'value': 4511}, {'key': 'China', 'value': 4491}, {'key': 'Augsburg', 'value': 4438}, {'key': 'Delft', 'value': 4387}, {'key': 'Engeland', 'value': 4206}, {'key': 'Leipzig', 'value': 4203}, {'key': 'Zuidelijke Nederlanden', 'value': 3736}, {'key': 'Venetië', 'value': 3464}, {'key': 'onbekend', 'value': 3393}, {'key': 'Vaticaanstad', 'value': 3246}, {'key': 'Wenen', 'value': 2990}, {'key': 'Keulen', 'value': 2932}, {'key': '? Frankrijk', 'value': 2870}, {'key': 'Dordrecht', 'value': 2802}, {'key': 'New York', 'value': 2799}, {'key': 'Europa', 'value': 2706}, {'key': 'München', 'value': 2591}, {'key': 'België', 'value': 2581}, {'key': '? Amsterdam', 'value': 2568}, {'key': 'Arnhem', 'value': 2514}, {'key': 'Suriname', 'value': 2479}, {'key': 'Frankfurt am Main', 'value': 2432}, {'key': 'Florence', 'value': 2398}, {'key': 'Praag', 'value': 2354}, {'key': 'Verenigde Staten van Amerika', 'value': 2300}, {'key': 'Maastricht', 'value': 2159}, {'key': 'Tokyo', 'value': 2015}, {'key': 'Dresden', 'value': 1968}, {'key': '? Duitsland', 'value': 1903}, {'key': 'Groningen', 'value': 1845}, {'key': 'Zwolle', 'value': 1565}, {'key': 'Middelburg', 'value': 1442}, {'key': 'Nijmegen', 'value': 1425}, {'key': 'Turnhout', 'value': 1366}, {'key': 'Meissen', 'value': 1288}, {'key': 'Sumatra', 'value': 1232}, {'key': 'Java', 'value': 1199}, {'key': 'Leeuwarden', 'value': 1193}, {'key': 'Oostenrijk', 'value': 1164}, {'key': 'Portland, Oregon', 'value': 1120}, {'key': 'Nederlands-Indië', 'value': 1089}, {'key': 'Indonesië', 'value': 1061}, {'key': 'Luik', 'value': 1052}, {'key': 'Spanje', 'value': 1043}, {'key': 'Alkmaar', 'value': 1032}, {'key': 'West-Europa', 'value': 987}, {'key': '? Parijs', 'value': 975}, {'key': 'Milaan', 'value': 967}, {'key': 'Zwitserland', 'value': 963}, {'key': 'Nancy', 'value': 962}, {'key': "'s-Hertogenbosch", 'value': 943}, {'key': 'Hamburg', 'value': 935}, {'key': 'Hilversum', 'value': 924}, {'key': 'Batavia', 'value': 904}, {'key': 'Stockholm', 'value': 874}, {'key': 'Purmerend', 'value': 871}, {'key': 'Boston', 'value': 864}, {'key': 'Eindhoven', 'value': 841}, {'key': 'Noord-Nederland', 'value': 832}, {'key': 'Genève', 'value': 831}, {'key': '? Noord-Nederland', 'value': 829}, {'key': '? Den Haag', 'value': 828}, {'key': 'Zürich (stad)', 'value': 798}, {'key': 'Egypte', 'value': 786}, {'key': 'Groot-Brittannië', 'value': 767}, {'key': 'Napels', 'value': 754}, {'key': 'Straatsburg (Frankrijk)', 'value': 754}, {'key': 'Laren', 'value': 738}, {'key': 'Loosdrecht', 'value': 735}, {'key': 'Deventer', 'value': 729}, {'key': 'Scheveningen', 'value': 710}, {'key': 'Verenigd Koninkrijk', 'value': 691}, {'key': 'Brugge', 'value': 677}, {'key': 'Jingdezhen', 'value': 653}, {'key': '? Noordelijke Nederlanden', 'value': 645}, {'key': 'Zaltbommel', 'value': 644}, {'key': '? Italië', 'value': 643}, {'key': 'Tsjechië', 'value': 640}, {'key': 'Gent', 'value': 608}, {'key': 'Moskou', 'value': 606}], 'name': 'place', 'otherTerms': 0, 'prettyName': 2}, {'facets': [{'key': 'papier', 'value': 597148}, {'key': 'fotodrager', 'value': 91572}, {'key': 'karton', 'value': 84734}, {'key': 'inkt', 'value': 48988}, {'key': 'potlood', 'value': 45036}, {'key': 'krijt', 'value': 30961}, {'key': 'barietpapier', 'value': 27060}, {'key': 'waterverf', 'value': 15242}, {'key': 'chine collé', 'value': 13701}, {'key': 'zilver', 'value': 11369}, {'key': 'linnen', 'value': 10192}, {'key': 'glas', 'value': 9973}, {'key': 'hout', 'value': 9535}, {'key': 'porselein', 'value': 8974}, {'key': 'koper', 'value': 8646}, {'key': 'glazuur', 'value': 7197}, {'key': 'zijde', 'value': 5405}, {'key': 'dekverf', 'value': 5250}, {'key': 'drukinkt', 'value': 5201}, {'key': 'olieverf', 'value': 5173}, {'key': 'goud', 'value': 5080}, {'key': 'Oost-Indische inkt', 'value': 4747}, {'key': 'aardewerk', 'value': 4608}, {'key': 'email', 'value': 4450}, {'key': 'PE-papier', 'value': 4240}, {'key': 'brons', 'value': 4050}, {'key': 'ijzer', 'value': 3931}, {'key': 'metaal', 'value': 3839}, {'key': 'messing', 'value': 3820}, {'key': 'leer', 'value': 3106}, {'key': 'katoen', 'value': 3097}, {'key': 'gelinieerd papier', 'value': 2962}, {'key': 'verf', 'value': 2779}, {'key': 'Japans papier', 'value': 2627}, {'key': 'doek', 'value': 2615}, {'key': 'textiel', 'value': 2396}, {'key': 'kobalt', 'value': 2317}, {'key': 'paneel', 'value': 1966}, {'key': 'faience', 'value': 1826}, {'key': 'geruit papier', 'value': 1790}, {'key': 'gouache (waterverf)', 'value': 1787}, {'key': 'eikenhout', 'value': 1633}, {'key': 'tinglazuur', 'value': 1583}, {'key': 'lood', 'value': 1559}, {'key': 'wol', 'value': 1489}, {'key': 'perkament', 'value': 1452}, {'key': 'tin', 'value': 1448}, {'key': 'grafiet', 'value': 1427}, {'key': 'steengoed', 'value': 1405}, {'key': 'transparant papier', 'value': 1397}, {'key': 'houtskool', 'value': 1394}, {'key': 'verguldsel', 'value': 1318}, {'key': 'fluweel', 'value': 1253}, {'key': 'ivoor', 'value': 1164}, {'key': 'calqueerpapier', 'value': 1090}, {'key': 'kant (materiaal)', 'value': 1087}, {'key': 'stijfselverf', 'value': 1030}, {'key': 'bladgoud', 'value': 967}, {'key': 'pen (veer)', 'value': 941}, {'key': 'kunststof', 'value': 878}, {'key': 'viltstift', 'value': 828}, {'key': 'geprepareerd papier', 'value': 827}, {'key': 'lak', 'value': 810}, {'key': 'notenhout', 'value': 758}, {'key': 'goudverf', 'value': 736}, {'key': 'Oosters papier', 'value': 723}, {'key': 'pâte', 'value': 719}, {'key': 'touw', 'value': 659}, {'key': 'plastic', 'value': 592}, {'key': 'ebbenhout', 'value': 576}, {'key': 'pijpaarde', 'value': 567}, {'key': 'pastelkrijt', 'value': 550}, {'key': 'krantenpapier', 'value': 548}, {'key': 'celluloid', 'value': 538}, {'key': 'fotografische film', 'value': 508}, {'key': 'inkjetinkt', 'value': 508}, {'key': 'parelmoer', 'value': 487}, {'key': 'satijn', 'value': 479}, {'key': 'marmer', 'value': 468}, {'key': 'tule', 'value': 462}, {'key': 'loodglazuur', 'value': 456}, {'key': 'cellulose nitraat', 'value': 453}, {'key': 'glas-in-lood', 'value': 446}, {'key': 'grisailleverf', 'value': 444}, {'key': 'kraakporselein', 'value': 436}, {'key': 'goudkleurig bladmetaal', 'value': 428}, {'key': 'mahoniehout', 'value': 428}, {'key': 'balpen', 'value': 410}, {'key': 'gouddraad', 'value': 407}, {'key': 'zink', 'value': 395}, {'key': 'steen (materiaal)', 'value': 379}, {'key': 'plakband', 'value': 371}, {'key': 'terracotta', 'value': 368}, {'key': 'been', 'value': 355}, {'key': 'zilverdraad', 'value': 336}, {'key': 'batist', 'value': 334}, {'key': 'rolfilm', 'value': 317}, {'key': 'staal', 'value': 315}, {'key': 'aluminium', 'value': 304}, {'key': 'marmerpapier', 'value': 299}], 'name': 'material', 'otherTerms': 0, 'prettyName': 5}, {'facets': [{'key': 'etsen', 'value': 190043}, {'key': 'graveren (drukprocedé)', 'value': 136972}, {'key': 'albuminedruk', 'value': 66464}, {'key': 'ontwikkelgelatinezilverdruk', 'value': 47375}, {'key': 'pen', 'value': 46269}, {'key': 'lithografie (techniek)', 'value': 45838}, {'key': 'boekdruk', 'value': 38043}, {'key': 'pense
[...]
 'damast', 'value': 2114}, {'key': 'rotogravure', 'value': 1895}, {'key': 'zoutdruk', 'value': 1889}, {'key': 'kloskant', 'value': 1821}, {'key': 'borduren', 'value': 1698}, {'key': 'stippelgravure', 'value': 1673}, {'key': 'fotolithografie', 'value': 1646}, {'key': 'prenttekening', 'value': 1517}, {'key': 'linoleumsnede', 'value': 1444}, {'key': 'glasblazen', 'value': 1385}, {'key': 'machinale druk', 'value': 1370}, {'key': 'gelatinezilverdia', 'value': 1352}, {'key': 'cyanotypie', 'value': 1340}, {'key': 'daglichtpapierafdruk', 'value': 1303}, {'key': 'kleur op snee', 'value': 1263}, {'key': 'zeefdruk in kleur', 'value': 1211}, {'key': 'polychromie', 'value': 1126}, {'key': 'kooldruk', 'value': 1111}, {'key': 'blinddruk', 'value': 1106}, {'key': 'crayonmanier', 'value': 1093}, {'key': 'majolica', 'value': 1072}, {'key': 'Abklatsch', 'value': 1039}, {'key': 'stempelen', 'value': 1014}, {'key': 'kleurendruk', 'value': 1011}, {'key': 'knippen', 'value': 1004}, {'key': 'satijnbinding', 'value': 973}, {'key': 'blokdruk', 'value': 944}, {'key': 'lijncliché', 'value': 939}, {'key': 'vernis mou', 'value': 936}, {'key': 'zeefdrukken', 'value': 905}, {'key': 'inkjetdruk', 'value': 892}, {'key': 'pochoir', 'value': 891}, {'key': 'smeden', 'value': 881}, {'key': 'doezelen', 'value': 870}, {'key': 'matte daglichtcollodiumzilverdruk', 'value': 813}, {'key': 'gelatinezilvernegatief', 'value': 812}, {'key': 'kleurenautotypie', 'value': 808}, {'key': 'collage', 'value': 802}, {'key': 'pellenweefsel', 'value': 770}, {'key': 'clair-obscur-houtsnede', 'value': 756}, {'key': 'lakken', 'value': 728}, {'key': 'boekbinden', 'value': 725}, {'key': 'kant (techniek)', 'value': 711}, {'key': 'reliëf', 'value': 705}, {'key': 'naaldkant', 'value': 692}, {'key': 'Autochrome', 'value': 681}, {'key': 'à la poupée', 'value': 678}, {'key': 'perforeren', 'value': 661}], 'name': 'technique', 'otherTerms': 0, 'prettyName': 8}, {'facets': [{'key': ' #737C84', 'value': 61868}, {'key': '#FBF6E1', 'value': 47501}, {'key': ' #2F4F4F', 'value': 40948}, {'key': ' #E0CC91', 'value': 36717}, {'key': ' #FBF6E1', 'value': 22814}, {'key': ' #000000', 'value': 22740}, {'key': ' #B5BFCC', 'value': 13036}, {'key': '#737C84', 'value': 12158}, {'key': ' #B35A1F', 'value': 8497}, {'key': '#E0CC91', 'value': 8193}, {'key': ' #F6ECF3', 'value': 7691}, {'key': '#000000', 'value': 3302}, {'key': '#B5BFCC', 'value': 3068}, {'key': '#F6ECF3', 'value': 2046}, {'key': ' #981313', 'value': 1901}, {'key': ' #F49B7A', 'value': 1708}, {'key': '#2F4F4F', 'value': 1438}, {'key': ' #DDA5AA', 'value': 1068}, {'key': ' #E09714', 'value': 846}, {'key': '#B35A1F', 'value': 743}, {'key': ' #367614', 'value': 718}, {'key': ' #4019B1', 'value': 698}, {'key': ' #4279DB', 'value': 695}, {'key': ' #DE4153', 'value': 333}, {'key': ' #62AD77', 'value': 239}, {'key': ' #8268DC', 'value': 219}, {'key': ' #850085', 'value': 189}, {'key': '#981313', 'value': 186}, {'key': '#DDA5AA', 'value': 139}, {'key': ' #DF4C93', 'value': 117}, {'key': ' #FFEB00', 'value': 94}, {'key': '#4279DB', 'value': 75}], 'name': 'normalized32Colors.hex', 'otherTerms': 302472, 'prettyName': 9}]}</msg>
<arg>${response.json()}</arg>
<doc>Logs the given message with the given level.</doc>
<status status="PASS" start="2025-03-20T13:52:12.968840" elapsed="0.002865"/>
</kw>
<doc>Verify sorting results by artist name works</doc>
<tag>smoke</tag>
<status status="PASS" start="2025-03-20T13:52:10.283142" elapsed="2.689371"/>
</test>
<test id="s1-t13" name="Handle Invalid Key Request" line="128">
<kw name="Create Dictionary" owner="BuiltIn">
<msg time="2025-03-20T13:52:12.976821" level="INFO">${params} = {'key': 'INVALID123'}</msg>
<var>${params}</var>
<arg>key=${INVALID_OBJECT}</arg>
<doc>Creates and returns a dictionary based on the given ``items``.</doc>
<status status="PASS" start="2025-03-20T13:52:12.976460" elapsed="0.000408"/>
</kw>
<kw name="Run Keyword And Expect Error" owner="BuiltIn">
<kw name="GET" owner="RequestsLibrary">
<msg time="2025-03-20T13:52:13.636732" level="INFO">GET Request : url=https://www.rijksmuseum.nl/api/nl/collection?key=INVALID123 
 path_url=/api/nl/collection?key=INVALID123 
 headers={'User-Agent': 'python-requests/2.32.3', 'Accept-Encoding': 'gzip, deflate', 'Accept': '*/*', 'Connection': 'keep-alive'} 
 body=None 
 </msg>
<msg time="2025-03-20T13:52:13.636880" level="INFO">GET Response : url=https://www.rijksmuseum.nl/api/nl/collection?key=INVALID123 
 status=401, reason=Unauthorized 
 headers={'Date': 'Thu, 20 Mar 2025 12:52:13 GMT', 'Content-Type': 'text/plain; charset=utf-8', 'Transfer-Encoding': 'chunked', 'Connection': 'keep-alive', 'Strict-Transport-Security': 'max-age=2592000', 'X-Powered-By': 'ASP.NET', 'x-azure-ref': '20250320T125213Z-15cb7c4fc97gszkwhC1PARy2kw00000009r000000000a7bw', 'X-Cache': 'CONFIG_NOCACHE'} 
 body=Invalid key 
 </msg>
<msg time="2025-03-20T13:52:13.637119" level="FAIL">HTTPError: 401 Client Error: Unauthorized for url: https://www.rijksmuseum.nl/api/nl/collection?key=INVALID123</msg>
<arg>${BASE_URL}</arg>
<arg>params=${params}</arg>
<doc>Sends a GET request.</doc>
<status status="FAIL" start="2025-03-20T13:52:12.978445" elapsed="0.661324">HTTPError: 401 Client Error: Unauthorized for url: https://www.rijksmuseum.nl/api/nl/collection?key=INVALID123</status>
</kw>
<arg>*401*</arg>
<arg>GET</arg>
<arg>${BASE_URL}</arg>
<arg>params=${params}</arg>
<doc>Runs the keyword and checks that the expected error occurred.</doc>
<status status="PASS" start="2025-03-20T13:52:12.978142" elapsed="0.662557"/>
</kw>
<doc>Ensure an invalid API key returns a 401 response</doc>
<tag>Auth</tag>
<tag>NegativeTest</tag>
<tag>smoke</tag>
<status status="PASS" start="2025-03-20T13:52:12.975905" elapsed="0.665146"/>
</test>
<test id="s1-t14" name="Handle Invalid Endpoint Request" line="134">
<kw name="Set Variable" owner="BuiltIn">
<msg time="2025-03-20T13:52:13.645492" level="INFO">${invalid_url} = https://www.rijksmuseum.nl/api/nl/collectionINVALID123</msg>
<var>${invalid_url}</var>
<arg>${BASE_URL}${INVALID_OBJECT}</arg>
<doc>Returns the given values which can then be assigned to a variables.</doc>
<status status="PASS" start="2025-03-20T13:52:13.645173" elapsed="0.000364"/>
</kw>
<kw name="Run Keyword And Expect Error" owner="BuiltIn">
<kw name="GET" owner="RequestsLibrary">
<msg time="2025-03-20T13:52:13.878763" level="INFO">GET Request : url=https://www.rijksmuseum.nl/api/nl/collectionINVALID123 
 path_url=/api/nl/collectionINVALID123 
 headers={'User-Agent': 'python-requests/2.32.3', 'Accept-Encoding': 'gzip, deflate', 'Accept': '*/*', 'Connection': 'keep-alive'} 
 body=None 
 </msg>
<msg time="2025-03-20T13:52:13.879084" level="INFO">GET Response : url=https://www.rijksmuseum.nl/api/nl/collectionINVALID123 
 status=404, reason=Not Found 
 headers={'Date': 'Thu, 20 Mar 2025 12:52:13 GMT', 'Content-Type': 'text/html; charset=utf-8', 'Content-Length': '67636', 'Connection': 'keep-alive', 'Access-Control-Expose-Headers': 'Request-Context', 'Cache-Control': 'no-cache', 'Expires': '-1', 'Pragma': 'no-cache', 'Set-Cookie': 'TiPMix=35.51609821106074; path=/; HttpOnly; Domain=rijks-web.azurewebsites.net; Max-Age=3600; Secure; SameSite=None, x-ms-routing-name=self; path=/; HttpOnly; Domain=rijks-web.azurewebsites.net; Max-Age=3600; Secure; SameSite=None, __RequestVerificationToken=-KQ2BTZ8LUNX-9ZJXAhpBLKYxzg09fxNVQUO3Z0UzUp84LV3DxASTW9Mq7Jgd3oyh9yoZ8fjaz7kZ1-1KQasw6XKKJU1; path=/; HttpOnly', 'X-Frame-Options': 'SAMEORIGIN, DENY', 'Request-Context': 'appId=cid-v1:34fd1cb8-2e84-41b1-880c-2d68c0e92706', 'x-azure-ref': '20250320T125213Z-15cb7c4fc97rssnzhC1PARnu1w00000009rg000000008tat', 'X-Cache': 'CONFIG_NOCACHE'} 
 body=
&lt;!DOCTYPE html&gt;

&lt;html xmlns:fb="http://ogp.me/ns/fb#" class="no-js no-mobile no-tablet user-logged-off" lang="nl
"&gt;
&lt;head&gt;
  &lt;meta charset="utf-8" /&gt;
  &lt;meta http-equiv="X-UA-Compatible" content="IE=EDGE,chrome=1"&gt;
  
  &lt;link href="https://rijks-web-2012.azureedge.net/v-179bb9e65882248762b55598193192cc/WebStatic/rijksmuseum-web-fonts.css" media="all" rel="stylesheet" type="text/css" /&gt;
  &lt;title&gt;Rijksmuseum&lt;/title&gt;
  &lt;meta name="apple-mobile-web-app-capable" content="yes" /&gt;
  &lt;meta name="viewport" content="width=device-width, initial-scale=1.0, minimum-scale=1.0" /&gt; 
  &lt;meta name="version" content="Rijksmuseum.Web - 8.47.25069.2" /&gt;
    &lt;meta property="og:type" content="article" /&gt;
  &lt;meta property="og:site_name" content="Rijksmuseum" &gt;
  &lt;meta property="fb:app_id" content="297398297031568" /&gt;
  &lt;meta property="og:url" content="https://www.rijksmuseum.nl/api/nl/collectionINVALID123" /&gt;
  &lt;meta property="og:title" content="Rijksmuseum" /&gt;
  &lt;meta property="og:image" content="https://rijks-web-2012.azureedge.net/v-e9dd729f766504a72d4695887cb600d5/WebStatic/Images/praktischeinfo.jpg" /&gt;
  

  &lt;link rel="apple-touch-icon" sizes="180x180" href="/apple-touch-icon.png"&gt;
  &lt;link rel="icon" type="image/png" sizes="32x32" href="/favicon-32x32.png"&gt;
  &lt;link rel="icon" type="image/png" sizes="16x16" href="/favicon-16x16.png"&gt;
  &lt;link rel="manifest" href="/manifest.json"&gt;
  &lt;link rel="mask-icon" href="/safari-pinned-tab.svg" color="#5bbad5"&gt;
  &lt;meta name="msapplication-TileColor" content="#000000"&gt;
  &lt;meta name="theme-color" content="#ffffff"&gt;

    &lt;link rel="canonical" href="https://www.rijksmuseum.nl/api/nl/collectionINVALID123"/&gt;

    &lt;link rel="dns-prefetch" href="https://rijks-web-2012.azureedge.net"&gt;
    &lt;link rel="preconnect" href="https://rijks-web-2012.azureedge.net"&gt;

  

&lt;link rel="preload" href="https://rijks-web-2012.azureedge.net/v-15f9886faef52c3c8edc26805f6d445e/WebStatic/Fonts/Rijksmuseum-Normal.woff2" as="font" crossorigin&gt;
&lt;link rel="preload" href="https://rijks-web-2012.azureedge.net/v-b20fc1732520a2948ce209326b4e1367/WebStatic/Fonts/Rijksmuseum-Bold.woff2" as="font" crossorigin&gt;

&lt;style&gt;
  @font-face {
    font-family: RijksText;
    font-weight: normal;
    font-style: normal;
    font-display: swap;
    src: url("https://rijks-web-2012.azureedge.net/v-15f9886faef52c3c8edc26805f6d445e/WebStatic/Fonts/Rijksmuseum-Normal.woff2") format("woff2"),
    url("https://rijks-web-2012.azureedge.net/v-6088fca1293f7aa2e1de3bb82bbbee13/WebStatic/Fonts/Rijksmuseum-Normal.woff") format("woff");
  }

  @font-face {
    font-family: RijksText;
    font-weight: bold;
    font-style: normal;
    font-display: swap;
    src: url("https://rijks-web-2012.azureedge.net/v-b20fc1732520a2948ce209326b4e1367/WebStatic/Fonts/Rijksmuseum-Bold.woff2") format("woff2"),
         url("https://rijks-web-2012.azureedge.net/v-bee6c69ccdea5ecffe660ab37692eac8/WebStatic/Fonts/Rijksmuseum-Bold.woff") format("woff");
  }

  @font-face {
    font-family: RijksText;
    font-weight: normal;
    font-style: italic;
    font-display: swap;
    src: url("https://rijks-web-2012.azureedge.net/v-eea4164a4fc5a44ada777f0976a2d592/WebStatic/Fonts/Rijksmuseum-Italic.woff2") format("woff2"),
         url("https://rijks-web-2012.azureedge.net/v-14ac72553ffcf8a7ff260d5c99f63659/WebStatic/Fonts/Rijksmuseum-Italic.woff") format("woff");
}

  @font-face {
    font-family: RijksText;
    font-weight: bold;
    font-style: italic;
    font-display: swap;
    src: url("https://rijks-web-2012.azureedge.net/v-0a8e5b3b273d14cfaaa7eb04d389eb93/WebStatic/Fonts/Rijksmuseum-BoldItalic.woff2") format("woff2"),
         url("https://rijks-web-2012.azureedge.net/v-6263dc7ae72d677529999a1ce5b57168/WebStatic/Fonts/Rijksmuseum-BoldItalic.woff") format("woff");
  }
&lt;/style&gt;

  &lt;link href="https://rijks-web-2012.azureedge.net/v-119138a87c61fd865b229e53dedb8ccd/WebStatic/rijksmuseum-web.css" media="all" rel="stylesheet" type="text/css" /&gt;


  &lt;script&gt;
    var dataLayer = dataLayer || [];
    dataLayer.push({ "language": "nl" });
  &lt;/script&gt;
  
  &lt;script src="https://rijks-web-2012.azureedge.net/v-98baf1cedf171ed3a81606503002d85d/WebStatic/lib/modernizr.js"&gt;&lt;/script&gt;

  &lt;script&gt;
  (function (w, d, s, l, i) {
    w[l] = w[l] || []; w[l].push({
      'gtm.start':
        new Date().getTime(), event: 'gtm.js'
    }); var f = d.getElementsByTagName(s)[0],
      j = d.createElement(s), dl = l != 'dataLayer' ? '&amp;l=' + l : ''; j.async = true; j.src =
      'https://www.googletagmanager.com/gtm.js?id=' + i + dl; f.parentNode.insertBefore(j, f);
  })(window, document, 'script', 'dataLayer', 'GTM-TDHW9DQ');
&lt;/script&gt;
&lt;link rel="dns-prefetch" href="https://www.google-analytics.com"&gt;
&lt;link rel="preconnect" href="https://www.google-analytics.com"&gt;
&lt;link rel="dns-prefetch" href="https://www.googletagmanager.com"&gt;
&lt;link rel="preconnect" href="https://www.googletagmanager.com"&gt;


    &lt;!-- begin Convert Experiences code--&gt;
    &lt;script type="text/javascript" src="//cdn-4.convertexperiments.com/js/10042695-10043546.js"&gt;&lt;/script&gt;
    &lt;!-- end Convert Experiences code --&gt;

&lt;/head&gt;


&lt;body&gt;

&lt;div data-role="cookie-bar-mask" class="cookie-bar-mask"&gt;&lt;/div&gt;
&lt;div data-role="cookie-bar" class="cookie-bar bg-lightest"&gt;
  &lt;header class="bg-lightest"&gt;
    &lt;h2 data-role="login-header" class="lightbox-header h2-like"&gt;Cookiegebruik&lt;/h2&gt;
  &lt;/header&gt;
  &lt;p class="padding-left-1x"&gt;
    Het Rijksmuseum maakt  gebruik van cookies. Een cookie is een klein tekstbestand dat een website op uw computer of mobiel toestel opslaat wanneer u onze site bezoekt. Meer weten? Lees ons &lt;a href="/nl/cookiebeleid" target="_blank" class="reset-margin-x"&gt;cookiebeleid&lt;/a&gt;.
  &lt;/p&gt;
  &lt;form method="post" class="padding-left-1x padding-bottom-1x" action="/nl/accept-gdpr-cookie"&gt;
    &lt;button data-bind="css: { 'button-disabled':busy }" class="button-bold button-primary button-combo-end button-forward" name="gdprChoice" value="Accept" type="submit"&gt;Accepteer&lt;/button&gt;
    &lt;span class="padding-left-1x"&gt;
      &lt;button data-bind="css: { 'button-disabled':busy }" class="button-bold button-primary button-combo-end button-forward bg-lighter" name="gdprChoice" value="Decline" type="submit"&gt;Nee, liever niet&lt;/button&gt;
    &lt;/span&gt;
  &lt;/form&gt;
&lt;/div&gt;




&lt;form id="antiforgery-form" class="hidden"&gt;
  &lt;input name="__RequestVerificationToken" type="hidden" value="fnbdirdQZgpKyjhaYLKx0-9HQKUgHpl06e_2zijToUCSO5v0pP-YCccV3un2h0sh3cMj1ODIC_hED0TMwnM_XRQxe_I1" /&gt;
&lt;/form&gt;



&lt;!-- ko stopBinding: true --&gt;

&lt;div data-role="notifications-view" class="user-notifications corner-top-left full-size hidden"&gt;
  &lt;div data-bind="click:toggleListVisible" class="corner-top-left full-size look-clickable"&gt;
    &lt;div class="notification-count corner-bottom-right block" data-bind="text:notifications().length, visible:hasNotifications &amp;&amp; !listVisible()"&gt;&lt;/div&gt;
  &lt;/div&gt;

  &lt;div data-bind="visible:listVisible" class="notification-list corner-top-right bg-lightest stoned"&gt;
    &lt;!-- ko foreach:notifications --&gt;
    &lt;div class="box box-compact block-separate offset-parent"&gt;
      &lt;span class="notification-image margin-right-halfx responsive-image"
            data-bind="
                    css: { 'block': imageUrl(), 'button-fake icon-im-star': !imageUrl() },
                    style: { backgroundImage: imageUrl() ? 'url(' + imageUrl() + ')' : '' }
                  " style="float:left; width: 40px; height: 40px"&gt;
      &lt;/span&gt;

      &lt;p class="notification-message" data-bind="html:message()"&gt;&lt;/p&gt;
    &lt;/div&gt;
    &lt;!-- /ko --&gt;

    &lt;div class="box box-compact block-separate"&gt;
      &lt;a href="/nl/rijksstudio"&gt;Naar mijn Rijksstudio&lt;/a&gt;
    &lt;/div&gt;
  &lt;/div&gt;
&lt;/div&gt;
&lt;!-- /ko --&gt;


&lt;section data-role="confirmation" class="hidden confirmation box bg-lightest icon-check"&gt;
  &lt;p data-role="feedback-balloon"&gt;&lt;/p&gt;
&lt;/section&gt;


&lt;div data-vue="rijksmuseum-header"&gt;
  &lt;page-header :navigation-content='{
  &amp;quot;header&amp;quot;: {
    &amp;quot;login&amp;quot;: {
      &amp;quot;url&amp;quot;: &amp;quot;https://www.rijksmuseum.nl/nl/inloggen&amp;quot;,
      &amp;quot;text&amp;quot;: &amp;quot;Inloggen&amp;quot;,
      &amp;quot;targetIsBlank&amp;quot;: false,
      &amp;quot;noFollow&amp;quot;: false
    },
    &amp;quot;search&amp;quot;: {
      &amp;quot;url&amp;quot;: &amp;quot;/nl/content-zoeken&amp;quot;,
      &amp;quot;text&amp;quot;: &amp;quot;Zoeken&amp;quot;,
      &amp;quot;targetIsBlank&amp;quot;: false,
      &amp;quot;noFollow&amp;quot;: false
    },
    &amp;quot;ticketShop&amp;quot;: {
      &amp;quot;url&amp;quot;: &amp;quot;https://www.rijksmuseum.nl/nl/tickets?variantKey=default-configuration&amp;quot;,
      &amp;quot;text&amp;quot;: &amp;quot;Rijksmuseum tickets&amp;quot;,
      &amp;quot;targetIsBlank&amp;quot;: false,
      &amp;quot;noFollow&amp;quot;: false
    },
    &amp;quot;lanaguageSelectionLinks&amp;quot;: [
      {
        &amp;quot;url&amp;quot;: &amp;quot;/de/besuchen&amp;quot;,
        &amp;quot;text&amp;quot;: &amp;quot;Besucherinformationen&amp;quot;,
        &amp;quot;targetIsBlank&amp;quot;: false,
        &amp;quot;noFollow&amp;quot;: false
      },
      {
        &amp;quot;url&amp;quot;: &amp;quot;/fr/visitez&amp;quot;,
        &amp;quot;text&amp;quot;: &amp;quot;Service visiteur&amp;quot;,
        &amp;quot;targetIsBlank&amp;quot;: false,
        &amp;quot;noFollow&amp;quot;: false
      },
      {
        &amp;quot;url&amp;quot;: &amp;quot;/es/visit&amp;quot;,
        &amp;quot;text&amp;quot;: &amp;quot;Informacion para los visitantes&amp;quot;,
        &amp;quot;targetIsBlank&amp;quot;: false,
        &amp;quot;noFollow&amp;quot;: false
      },
      {
        &amp;quot;url&amp;quot;: &amp;quot;/it/visita&amp;quot;,
        &amp;quot;text&amp;quot;: &amp;quot;Informazioni per i visitatori&amp;quot;,
        &amp;quot;targetIsBlank&amp;quot;: false,
        &amp;quot;noFollow&amp;quot;: false
      },
      {
        &amp;quot;url&amp;quot;: &amp;quot;/pap/bishita&amp;quot;,
        &amp;quot;text&amp;quot;: &amp;quot;Informashon pa bishita&amp;quot;,
        &amp;quot;targetIsBlank&amp;quot;: false,
        &amp;quot;noFollow&amp;quot;: false
      },
      {
        &amp;quot;url&amp;quot;: &amp;quot;/tr/ziyaret-edin&amp;quot;,
        &amp;quot;text&amp;quot;: &amp;quot;Ziy... (set the log level to DEBUG or TRACE to see the full content) 
 </msg>
<msg time="2025-03-20T13:52:13.879660" level="FAIL">HTTPError: 404 Client Error: Not Found for url: https://www.rijksmuseum.nl/api/nl/collectionINVALID123</msg>
<arg>${invalid_url}</arg>
<doc>Sends a GET request.</doc>
<status status="FAIL" start="2025-03-20T13:52:13.646543" elapsed="0.234331">HTTPError: 404 Client Error: Not Found for url: https://www.rijksmuseum.nl/api/nl/collectionINVALID123</status>
</kw>
<arg>*404*</arg>
<arg>GET</arg>
<arg>${invalid_url}</arg>
<doc>Runs the keyword and checks that the expected error occurred.</doc>
<status status="PASS" start="2025-03-20T13:52:13.646283" elapsed="0.235707"/>
</kw>
<doc>Ensure an invalid endpoint returns a 404 message</doc>
<tag>Endpoint</tag>
<tag>NegativeTest</tag>
<tag>smoke</tag>
<status status="PASS" start="2025-03-20T13:52:13.644606" elapsed="0.237731"/>
</test>
<status status="PASS" start="2025-03-20T13:52:02.001732" elapsed="11.884426"/>
</suite>
<statistics>
<total>
<stat pass="14" fail="0" skip="0">All Tests</stat>
</total>
<tag>
<stat pass="1" fail="0" skip="0">Auth</stat>
<stat pass="1" fail="0" skip="0">Endpoint</stat>
<stat pass="2" fail="0" skip="0">NegativeTest</stat>
<stat pass="9" fail="0" skip="0">regression</stat>
<stat pass="5" fail="0" skip="0">smoke</stat>
</tag>
<suite>
<stat name="Rijksmuseum Tests" id="s1" pass="14" fail="0" skip="0">Rijksmuseum Tests</stat>
</suite>
</statistics>
<errors>
</errors>
</robot>
